#
# A fatal error has been detected by the Java Runtime Environment:
#
#  SIGSEGV (0xb) at pc=0xb6f7f827, pid=7725, tid=1095760704
#
# JRE version: 6.0_31-b31
# Java VM: OpenJDK Server VM (23.25-b01 mixed mode linux-x86 )
# Problematic frame:
# V  [libjvm.so+0x71a827]  VM_ParallelGCFailedAllocation::doit()+0x97
#
# Failed to write core dump. Core dumps have been disabled. To enable core dumping, try "ulimit -c unlimited" before starting Java again
#
# If you would like to submit a bug report, please include
# instructions how to reproduce the bug and visit:
#   https://bugs.launchpad.net/ubuntu/+source/openjdk-6/
#

---------------  T H R E A D  ---------------

Current thread (0x41390400):  VMThread [stack: 0x4147f000,0x41500000] [id=7735]

siginfo:si_signo=SIGSEGV: si_errno=0, si_code=1 (SEGV_MAPERR), si_addr=0x91eeeb84

Registers:
EAX=0xa3f72588, EBX=0xb7193ff4, ECX=0xb766ad70, EDX=0xb77af119
ESP=0x414fee70, EBP=0x00000008, ESI=0xb650aab0, EDI=0x91eeeb50
EIP=0xb6f7f827, EFLAGS=0x00010206, CR2=0x91eeeb84

Top of Stack: (sp=0x414fee70)
0x414fee70:   b650aab0 00000006 00000000 b6aeaab7
0x414fee80:   4750f140 b6aebd50 00000000 0000000a
0x414fee90:   cccccccd 4024cccc b77b6000 b6530b48
0x414feea0:   b7193ff4 00000000 b7685696 b7193ff4
0x414feeb0:   415f8738 b6530b48 b6530f3c b6f83fc0
0x414feec0:   91eeeb50 b6e27206 1d5ad265 00000000
0x414feed0:   b3010100 00000000 53b56aac b6530b50
0x414feee0:   b71b48ac b6e27206 b7193ff4 b7193ff4 

Instructions: (pc=0xb6f7f827)
0xb6f7f807:   46 30 89 04 24 e8 9f 63 ee ff 8b 54 24 1c 89 56
0xb6f7f817:   28 8b 47 30 89 34 24 89 44 24 04 e8 09 73 ec ff
0xb6f7f827:   89 47 34 85 c0 74 62 8b 83 e8 f3 ff ff 80 38 00
0xb6f7f837:   74 34 8b 46 28 89 46 2c 89 04 24 e8 b9 99 c5 ff 

Register to memory mapping:

EAX=0xa3f72588 is an unknown value
EBX=0xb7193ff4: <offset 0x92eff4> in /usr/lib/jvm/java-6-openjdk-i386/jre/lib/i386/server/libjvm.so at 0xb6865000
ECX=0xb766ad70: <offset 0x8ed70> in /lib/i386-linux-gnu/libc.so.6 at 0xb75dc000
EDX=0xb77af119 is an unknown value
ESP=0x414fee70 is an unknown value
EBP=0x00000008 is an unknown value
ESI=0xb650aab0 is an unknown value
EDI=0x91eeeb50 is an unallocated location in the heap


Stack: [0x4147f000,0x41500000],  sp=0x414fee70,  free space=511k
Native frames: (J=compiled Java code, j=interpreted, Vv=VM code, C=native code)
V  [libjvm.so+0x71a827]  VM_ParallelGCFailedAllocation::doit()+0x97

[error occurred during error reporting (printing native stack), id 0xb]

VM_Operation (0x91eeeb50): 
[error occurred during error reporting (printing VM operation), id 0xb]


---------------  P R O C E S S  ---------------

Java Threads: ( => current thread )
  0x40f01000 JavaThread "SIGINT handler" daemon [_thread_blocked, id=9610, stack(0x91e9f000,0x91ef0000)]
  0x413df000 JavaThread "Low Memory Detector" daemon [_thread_blocked, id=7741, stack(0x46c2e000,0x46c7f000)]
  0x413dd400 JavaThread "C2 CompilerThread1" daemon [_thread_blocked, id=7740, stack(0x4097f000,0x40a00000)]
  0x413db400 JavaThread "C2 CompilerThread0" daemon [_thread_blocked, id=7739, stack(0x40b7f000,0x40c00000)]
  0x413d9800 JavaThread "Signal Dispatcher" daemon [_thread_blocked, id=7738, stack(0xb660b000,0xb665c000)]
  0x4139cc00 JavaThread "Finalizer" daemon [_thread_blocked, id=7737, stack(0x4115e000,0x411af000)]
  0x4139b400 JavaThread "Reference Handler" daemon [_thread_blocked, id=7736, stack(0x411af000,0x41200000)]
  0xb6506800 JavaThread "main" [_thread_blocked, id=7726, stack(0xb66e5000,0xb6736000)]

Other Threads:
=>0x41390400 VMThread [stack: 0x4147f000,0x41500000] [id=7735]
  0x413e1000 WatcherThread [stack: 0x4077f000,0x40800000] [id=7742]

VM state:at safepoint (normal execution)

VM Mutex/Monitor currently owned by a thread:  ([mutex/lock_event])
[0xb65040f0] Threads_lock - owner thread: 0x41390400
[0xb6504500] Heap_lock - owner thread: 0x40f01000

Heap
 PSYoungGen      total 415744K, used 295433K [0x91ef0000, 0xb3440000, 0xb3440000)
  eden space 295552K, 99% used [0x91ef0000,0xa3f725a0,0xa3f90000)
  from space 120192K, 0% used [0xa3f90000,0xa3f90000,0xab4f0000)
  to   space 119872K, 0% used [0xabf30000,0xabf30000,0xb3440000)
 ParOldGen       total 750400K, used 750398K [0x4f440000, 0x7d110000, 0x91ef0000)
  object space 750400K, 99% used [0x4f440000,0x7d10fa78,0x7d110000)
 PSPermGen       total 16384K, used 2769K [0x47440000, 0x48440000, 0x4f440000)
  object space 16384K, 16% used [0x47440000,0x476f46d0,0x48440000)

Card table byte_map: [0x470df000,0x47440000] byte_map_base: 0x46ea4e00

Polling page: 0xb77b7000

Code Cache  [0xb3500000, 0xb3740000, 0xb6500000)
 total_blobs=187 nmethods=75 adapters=65 free_code_cache=48728Kb largest_free_block=49874688

Compilation events (10 events):
Event: 40.804 Thread 0x413db400 nmethod 68 0xb356eec8 code [0xb356f040, 0xb356f630]
Event: 40.804 Thread 0x413db400   69             sun.nio.cs.StreamDecoder::ensureOpen (18 bytes)
Event: 40.804 Thread 0x413dd400 nmethod 67 0xb35635c8 code [0xb3563740, 0xb3563d50]
Event: 40.804 Thread 0x413dd400   70             java.nio.HeapByteBuffer::compact (52 bytes)
Event: 40.804 Thread 0x413db400 nmethod 69 0xb3568408 code [0xb3568500, 0xb3568550]
Event: 40.853 Thread 0x413dd400 nmethod 70 0xb3563288 code [0xb3563380, 0xb35634b0]
Event: 41.733 Thread 0x413db400   71             java.io.BufferedReader::fill (170 bytes)
Event: 41.749 Thread 0x413db400 nmethod 71 0xb35651c8 code [0xb3565300, 0xb3565724]
Event: 42.836 Thread 0x413dd400   72             java.io.FileInputStream::read (8 bytes)
Event: 42.836 Thread 0x413dd400 nmethod 72 0xb3568208 code [0xb3568300, 0xb356837c]

GC Heap History (10 events):
Event: 488.436 GC heap before
{Heap before GC invocations=1525 (full 1482):
 PSYoungGen      total 415744K, used 295552K [0x91ef0000, 0xb3440000, 0xb3440000)
  eden space 295552K, 100% used [0x91ef0000,0xa3f90000,0xa3f90000)
  from space 120192K, 0% used [0xa3f90000,0xa3f90000,0xab4f0000)
  to   space 119872K, 0% used [0xabf30000,0xabf30000,0xb3440000)
 ParOldGen       total 750272K, used 750271K [0x4f440000, 0x7d0f0000, 0x91ef0000)
  object space 750272K, 99% used [0x4f440000,0x7d0efed8,0x7d0f0000)
 PSPermGen       total 16384K, used 2769K [0x47440000, 0x48440000, 0x4f440000)
  object space 16384K, 16% used [0x47440000,0x476f46d0,0x48440000)
Event: 490.994 GC heap after
Heap after GC invocations=1525 (full 1482):
 PSYoungGen      total 415744K, used 295551K [0x91ef0000, 0xb3440000, 0xb3440000)
  eden space 295552K, 99% used [0x91ef0000,0xa3f8ffc0,0xa3f90000)
  from space 120192K, 0% used [0xa3f90000,0xa3f90000,0xab4f0000)
  to   space 119872K, 0% used [0xabf30000,0xabf30000,0xb3440000)
 ParOldGen       total 750272K, used 750271K [0x4f440000, 0x7d0f0000, 0x91ef0000)
  object space 750272K, 99% used [0x4f440000,0x7d0efed8,0x7d0f0000)
 PSPermGen       total 16384K, used 2769K [0x47440000, 0x48440000, 0x4f440000)
  object space 16384K, 16% used [0x47440000,0x476f46d0,0x48440000)
}
Event: 491.214 GC heap before
{Heap before GC invocations=1526 (full 1483):
 PSYoungGen      total 415744K, used 295551K [0x91ef0000, 0xb3440000, 0xb3440000)
  eden space 295552K, 99% used [0x91ef0000,0xa3f8ffe8,0xa3f90000)
  from space 120192K, 0% used [0xa3f90000,0xa3f90000,0xab4f0000)
  to   space 119872K, 0% used [0xabf30000,0xabf30000,0xb3440000)
 ParOldGen       total 750272K, used 750271K [0x4f440000, 0x7d0f0000, 0x91ef0000)
  object space 750272K, 99% used [0x4f440000,0x7d0efed8,0x7d0f0000)
 PSPermGen       total 16384K, used 2769K [0x47440000, 0x48440000, 0x4f440000)
  object space 16384K, 16% used [0x47440000,0x476f46d0,0x48440000)
Event: 491.422 GC heap after
Heap after GC invocations=1526 (full 1483):
 PSYoungGen      total 415744K, used 295551K [0x91ef0000, 0xb3440000, 0xb3440000)
  eden space 295552K, 99% used [0x91ef0000,0xa3f8ffe8,0xa3f90000)
  from space 120192K, 0% used [0xa3f90000,0xa3f90000,0xab4f0000)
  to   space 119872K, 0% used [0xabf30000,0xabf30000,0xb3440000)
 ParOldGen       total 750272K, used 750271K [0x4f440000, 0x7d0f0000, 0x91ef0000)
  object space 750272K, 99% used [0x4f440000,0x7d0efed8,0x7d0f0000)
 PSPermGen       total 16384K, used 2769K [0x47440000, 0x48440000, 0x4f440000)
  object space 16384K, 16% used [0x47440000,0x476f46d0,0x48440000)
}
Event: 491.460 GC heap before
{Heap before GC invocations=1527 (full 1484):
 PSYoungGen      total 415744K, used 295552K [0x91ef0000, 0xb3440000, 0xb3440000)
  eden space 295552K, 100% used [0x91ef0000,0xa3f90000,0xa3f90000)
  from space 120192K, 0% used [0xa3f90000,0xa3f90000,0xab4f0000)
  to   space 119872K, 0% used [0xabf30000,0xabf30000,0xb3440000)
 ParOldGen       total 750400K, used 750273K [0x4f440000, 0x7d110000, 0x91ef0000)
  object space 750400K, 99% used [0x4f440000,0x7d0f04f0,0x7d110000)
 PSPermGen       total 16384K, used 2769K [0x47440000, 0x48440000, 0x4f440000)
  object space 16384K, 16% used [0x47440000,0x476f46d0,0x48440000)
Event: 491.709 GC heap after
Heap after GC invocations=1527 (full 1484):
 PSYoungGen      total 415744K, used 295424K [0x91ef0000, 0xb3440000, 0xb3440000)
  eden space 295552K, 99% used [0x91ef0000,0xa3f703f8,0xa3f90000)
  from space 120192K, 0% used [0xa3f90000,0xa3f90000,0xab4f0000)
  to   space 119872K, 0% used [0xabf30000,0xabf30000,0xb3440000)
 ParOldGen       total 750400K, used 750398K [0x4f440000, 0x7d110000, 0x91ef0000)
  object space 750400K, 99% used [0x4f440000,0x7d10faa8,0x7d110000)
 PSPermGen       total 16384K, used 2769K [0x47440000, 0x48440000, 0x4f440000)
  object space 16384K, 16% used [0x47440000,0x476f46d0,0x48440000)
}
Event: 491.783 GC heap before
{Heap before GC invocations=1528 (full 1485):
 PSYoungGen      total 415744K, used 295552K [0x91ef0000, 0xb3440000, 0xb3440000)
  eden space 295552K, 100% used [0x91ef0000,0xa3f90000,0xa3f90000)
  from space 120192K, 0% used [0xa3f90000,0xa3f90000,0xab4f0000)
  to   space 119872K, 0% used [0xabf30000,0xabf30000,0xb3440000)
 ParOldGen       total 750400K, used 750398K [0x4f440000, 0x7d110000, 0x91ef0000)
  object space 750400K, 99% used [0x4f440000,0x7d10faa8,0x7d110000)
 PSPermGen       total 16384K, used 2769K [0x47440000, 0x48440000, 0x4f440000)
  object space 16384K, 16% used [0x47440000,0x476f46d0,0x48440000)
Event: 491.964 GC heap after
Heap after GC invocations=1528 (full 1485):
 PSYoungGen      total 415744K, used 295425K [0x91ef0000, 0xb3440000, 0xb3440000)
  eden space 295552K, 99% used [0x91ef0000,0xa3f70480,0xa3f90000)
  from space 120192K, 0% used [0xa3f90000,0xa3f90000,0xab4f0000)
  to   space 119872K, 0% used [0xabf30000,0xabf30000,0xb3440000)
 ParOldGen       total 750400K, used 750398K [0x4f440000, 0x7d110000, 0x91ef0000)
  object space 750400K, 99% used [0x4f440000,0x7d10faa8,0x7d110000)
 PSPermGen       total 16384K, used 2769K [0x47440000, 0x48440000, 0x4f440000)
  object space 16384K, 16% used [0x47440000,0x476f46d0,0x48440000)
}
Event: 492.491 GC heap before
{Heap before GC invocations=1529 (full 1486):
 PSYoungGen      total 415744K, used 295552K [0x91ef0000, 0xb3440000, 0xb3440000)
  eden space 295552K, 100% used [0x91ef0000,0xa3f90000,0xa3f90000)
  from space 120192K, 0% used [0xa3f90000,0xa3f90000,0xab4f0000)
  to   space 119872K, 0% used [0xabf30000,0xabf30000,0xb3440000)
 ParOldGen       total 750400K, used 750398K [0x4f440000, 0x7d110000, 0x91ef0000)
  object space 750400K, 99% used [0x4f440000,0x7d10faa8,0x7d110000)
 PSPermGen       total 16384K, used 2769K [0x47440000, 0x48440000, 0x4f440000)
  object space 16384K, 16% used [0x47440000,0x476f46d0,0x48440000)
Event: 492.721 GC heap after
Heap after GC invocations=1529 (full 1486):
 PSYoungGen      total 415744K, used 295433K [0x91ef0000, 0xb3440000, 0xb3440000)
  eden space 295552K, 99% used [0x91ef0000,0xa3f72588,0xa3f90000)
  from space 120192K, 0% used [0xa3f90000,0xa3f90000,0xab4f0000)
  to   space 119872K, 0% used [0xabf30000,0xabf30000,0xb3440000)
 ParOldGen       total 750400K, used 750398K [0x4f440000, 0x7d110000, 0x91ef0000)
  object space 750400K, 99% used [0x4f440000,0x7d10fa78,0x7d110000)
 PSPermGen       total 16384K, used 2769K [0x47440000, 0x48440000, 0x4f440000)
  object space 16384K, 16% used [0x47440000,0x476f46d0,0x48440000)
}

Deoptimization events (2 events):
Event: 470.447 Thread 0x413d9800 Uncommon trap -34 fr.pc 0xb35595dc
Event: 473.560 Thread 0x413d9800 Uncommon trap -34 fr.pc 0xb35595dc

Internal exceptions (10 events):
Event: 0.859 Thread 0xb6506800 Threw 0x921611b0 at /build/buildd/openjdk-6-6b31-1.13.3/build/openjdk/hotspot/src/share/vm/classfile/systemDictionary.cpp:179
Event: 0.859 Thread 0xb6506800 Threw 0x921614c0 at /build/buildd/openjdk-6-6b31-1.13.3/build/openjdk/hotspot/src/share/vm/prims/jvm.cpp:1235
Event: 0.860 Thread 0xb6506800 Threw 0x9216f1f8 at /build/buildd/openjdk-6-6b31-1.13.3/build/openjdk/hotspot/src/share/vm/classfile/systemDictionary.cpp:179
Event: 0.860 Thread 0xb6506800 Threw 0x9216f518 at /build/buildd/openjdk-6-6b31-1.13.3/build/openjdk/hotspot/src/share/vm/prims/jvm.cpp:1235
Event: 0.860 Thread 0xb6506800 Threw 0x921713e8 at /build/buildd/openjdk-6-6b31-1.13.3/build/openjdk/hotspot/src/share/vm/classfile/systemDictionary.cpp:179
Event: 0.860 Thread 0xb6506800 Threw 0x921716d8 at /build/buildd/openjdk-6-6b31-1.13.3/build/openjdk/hotspot/src/share/vm/prims/jvm.cpp:1235
Event: 0.870 Thread 0xb6506800 Threw 0x92177d68 at /build/buildd/openjdk-6-6b31-1.13.3/build/openjdk/hotspot/src/share/vm/classfile/systemDictionary.cpp:179
Event: 0.870 Thread 0xb6506800 Threw 0x92178098 at /build/buildd/openjdk-6-6b31-1.13.3/build/openjdk/hotspot/src/share/vm/prims/jvm.cpp:1235
Event: 0.887 Thread 0xb6506800 Threw 0x921af760 at /build/buildd/openjdk-6-6b31-1.13.3/build/openjdk/hotspot/src/share/vm/classfile/systemDictionary.cpp:179
Event: 0.887 Thread 0xb6506800 Threw 0x921afa88 at /build/buildd/openjdk-6-6b31-1.13.3/build/openjdk/hotspot/src/share/vm/prims/jvm.cpp:1235

Events (10 events):
Event: 488.387 Executing VM operation: ParallelGCFailedAllocation
Event: 491.162 Executing VM operation: ParallelGCFailedAllocation done
Event: 491.209 Executing VM operation: ParallelGCFailedAllocation
Event: 491.422 Executing VM operation: ParallelGCFailedAllocation done
Event: 491.422 Executing VM operation: ParallelGCFailedAllocation
Event: 491.709 Executing VM operation: ParallelGCFailedAllocation done
Event: 491.710 Executing VM operation: ParallelGCFailedAllocation
Event: 491.964 Executing VM operation: ParallelGCFailedAllocation done
Event: 492.430 Thread 0x40f01000 Thread added: 0x40f01000
Event: 492.491 Executing VM operation: ParallelGCFailedAllocation


Dynamic libraries:
08048000-08051000 r-xp 00000000 08:06 269500     /usr/lib/jvm/java-6-openjdk-i386/jre/bin/java
08051000-08052000 r--p 00008000 08:06 269500     /usr/lib/jvm/java-6-openjdk-i386/jre/bin/java
08052000-08053000 rw-p 00009000 08:06 269500     /usr/lib/jvm/java-6-openjdk-i386/jre/bin/java
09764000-09785000 rw-p 00000000 00:00 0          [heap]
40200000-4027e000 rw-p 00000000 00:00 0 
4027e000-40300000 ---p 00000000 00:00 0 
40400000-404fd000 rw-p 00000000 00:00 0 
404fd000-40500000 ---p 00000000 00:00 0 
40600000-406d9000 rw-p 00000000 00:00 0 
406d9000-40700000 ---p 00000000 00:00 0 
4077f000-40780000 ---p 00000000 00:00 0 
40780000-40800000 rw-p 00000000 00:00 0          [stack:7742]
40800000-408ff000 rw-p 00000000 00:00 0 
408ff000-40900000 ---p 00000000 00:00 0 
4097f000-40982000 ---p 00000000 00:00 0 
40982000-40a00000 rw-p 00000000 00:00 0          [stack:7740]
40a00000-40afa000 rw-p 00000000 00:00 0 
40afa000-40b00000 ---p 00000000 00:00 0 
40b7f000-40b82000 ---p 00000000 00:00 0 
40b82000-40c00000 rw-p 00000000 00:00 0          [stack:7739]
40c00000-40e00000 r--p 00000000 08:06 138957     /usr/lib/locale/locale-archive
40e00000-40e21000 rw-p 00000000 00:00 0 
40e21000-40f00000 ---p 00000000 00:00 0 
40f00000-40f21000 rw-p 00000000 00:00 0 
40f21000-41000000 ---p 00000000 00:00 0 
41000000-41021000 rw-p 00000000 00:00 0 
41021000-41100000 ---p 00000000 00:00 0 
4115e000-41161000 ---p 00000000 00:00 0 
41161000-411af000 rw-p 00000000 00:00 0          [stack:7737]
411af000-411b2000 ---p 00000000 00:00 0 
411b2000-41200000 rw-p 00000000 00:00 0          [stack:7736]
41200000-41231000 rw-p 00000000 00:00 0 
41231000-41300000 ---p 00000000 00:00 0 
41300000-413ff000 rw-p 00000000 00:00 0 
413ff000-41400000 ---p 00000000 00:00 0 
4147f000-41480000 ---p 00000000 00:00 0 
41480000-41500000 rw-p 00000000 00:00 0          [stack:7735]
41500000-415f9000 rw-p 00000000 00:00 0 
415f9000-41600000 ---p 00000000 00:00 0 
41656000-41689000 rw-p 00000000 00:00 0 
41689000-41820000 r--s 01a14000 08:06 269455     /usr/lib/jvm/java-6-openjdk-i386/jre/lib/rt.jar
41820000-45f00000 rw-p 00000000 00:00 0 
45f00000-45f21000 rw-p 00000000 00:00 0 
45f21000-46000000 ---p 00000000 00:00 0 
4607f000-46080000 ---p 00000000 00:00 0 
46080000-46100000 rw-p 00000000 00:00 0          [stack:7734]
46100000-46124000 rw-p 00000000 00:00 0 
46124000-46200000 ---p 00000000 00:00 0 
4627f000-46280000 ---p 00000000 00:00 0 
46280000-46300000 rw-p 00000000 00:00 0          [stack:7733]
46300000-46321000 rw-p 00000000 00:00 0 
46321000-46400000 ---p 00000000 00:00 0 
4647f000-46480000 ---p 00000000 00:00 0 
46480000-46500000 rw-p 00000000 00:00 0          [stack:7732]
46500000-46521000 rw-p 00000000 00:00 0 
46521000-46600000 ---p 00000000 00:00 0 
4667f000-46680000 ---p 00000000 00:00 0 
46680000-46700000 rw-p 00000000 00:00 0          [stack:7731]
46700000-46721000 rw-p 00000000 00:00 0 
46721000-46800000 ---p 00000000 00:00 0 
4687f000-46880000 ---p 00000000 00:00 0 
46880000-46900000 rw-p 00000000 00:00 0          [stack:7730]
46900000-46921000 rw-p 00000000 00:00 0 
46921000-46a00000 ---p 00000000 00:00 0 
46a42000-46a7f000 r--s 005f3000 08:01 1313035    /home/jeremy/taxonomic-classification/data_mining/weka-3-6-11/weka.jar
46a7f000-46a80000 ---p 00000000 00:00 0 
46a80000-46b00000 rw-p 00000000 00:00 0          [stack:7729]
46b00000-46b21000 rw-p 00000000 00:00 0 
46b21000-46c00000 ---p 00000000 00:00 0 
46c2e000-46c31000 ---p 00000000 00:00 0 
46c31000-46c7f000 rw-p 00000000 00:00 0          [stack:7741]
46c7f000-46c80000 ---p 00000000 00:00 0 
46c80000-46d00000 rw-p 00000000 00:00 0          [stack:7728]
46d00000-46d34000 rw-p 00000000 00:00 0 
46d34000-46e00000 ---p 00000000 00:00 0 
46e08000-46e09000 ---p 00000000 00:00 0 
46e09000-46e91000 rw-p 00000000 00:00 0          [stack:7727]
46e91000-46ec9000 rw-p 00000000 00:00 0 
46ec9000-47038000 rw-p 00000000 00:00 0 
47038000-470df000 rw-p 00000000 00:00 0 
470df000-470e7000 rw-p 00000000 00:00 0 
470e7000-4711f000 rw-p 00000000 00:00 0 
4711f000-4728e000 rw-p 00000000 00:00 0 
4728e000-47334000 rw-p 00000000 00:00 0 
47334000-4743f000 rw-p 00000000 00:00 0 
4743f000-48440000 rw-p 00000000 00:00 0 
48440000-4f440000 rw-p 00000000 00:00 0 
4f440000-7d110000 rw-p 00000000 00:00 0 
91d15000-b3440000 rw-p 00000000 00:00 0          [stack:9610]
b3440000-b3449000 rw-p 00000000 00:00 0 
b3449000-b3500000 rw-p 00000000 00:00 0 
b3500000-b3740000 rwxp 00000000 00:00 0 
b3740000-b65f2000 rw-p 00000000 00:00 0 
b65f2000-b6600000 ---p 00000000 00:00 0 
b6600000-b6607000 r--s 00054000 08:06 149700     /usr/lib/jvm/java-6-openjdk-common/jre/lib/resources.jar
b6607000-b660b000 r--s 0003c000 08:06 149693     /usr/lib/jvm/java-6-openjdk-common/jre/lib/jsse.jar
b660b000-b660e000 ---p 00000000 00:00 0 
b660e000-b665c000 rw-p 00000000 00:00 0          [stack:7738]
b665c000-b6667000 r-xp 00000000 08:06 1591392    /lib/i386-linux-gnu/libnss_files-2.15.so
b6667000-b6668000 r--p 0000a000 08:06 1591392    /lib/i386-linux-gnu/libnss_files-2.15.so
b6668000-b6669000 rw-p 0000b000 08:06 1591392    /lib/i386-linux-gnu/libnss_files-2.15.so
b6669000-b6673000 r-xp 00000000 08:06 1591391    /lib/i386-linux-gnu/libnss_nis-2.15.so
b6673000-b6674000 r--p 00009000 08:06 1591391    /lib/i386-linux-gnu/libnss_nis-2.15.so
b6674000-b6675000 rw-p 0000a000 08:06 1591391    /lib/i386-linux-gnu/libnss_nis-2.15.so
b6675000-b668b000 r-xp 00000000 08:06 1586253    /lib/i386-linux-gnu/libnsl-2.15.so
b668b000-b668c000 r--p 00015000 08:06 1586253    /lib/i386-linux-gnu/libnsl-2.15.so
b668c000-b668d000 rw-p 00016000 08:06 1586253    /lib/i386-linux-gnu/libnsl-2.15.so
b668d000-b668f000 rw-p 00000000 00:00 0 
b668f000-b6696000 r-xp 00000000 08:06 1591393    /lib/i386-linux-gnu/libnss_compat-2.15.so
b6696000-b6697000 r--p 00006000 08:06 1591393    /lib/i386-linux-gnu/libnss_compat-2.15.so
b6697000-b6698000 rw-p 00007000 08:06 1591393    /lib/i386-linux-gnu/libnss_compat-2.15.so
b6698000-b669a000 r--s 0000f000 08:06 149704     /usr/lib/jvm/java-6-openjdk-common/jre/lib/ext/pulse-java.jar
b669a000-b669b000 r--s 00007000 08:06 443049     /usr/share/java/java-atk-wrapper.jar
b669b000-b669f000 r--s 00039000 08:06 149702     /usr/lib/jvm/java-6-openjdk-common/jre/lib/ext/sunpkcs11.jar
b669f000-b66a1000 r--s 00001000 08:06 149703     /usr/lib/jvm/java-6-openjdk-common/jre/lib/ext/dnsns.jar
b66a1000-b66a4000 r--s 00077000 08:06 149705     /usr/lib/jvm/java-6-openjdk-common/jre/lib/ext/localedata.jar
b66a4000-b66a7000 r--s 00031000 08:06 149701     /usr/lib/jvm/java-6-openjdk-common/jre/lib/ext/sunjce_provider.jar
b66a7000-b66af000 r-xp 00000000 08:06 269473     /usr/lib/jvm/java-6-openjdk-i386/jre/lib/i386/libzip.so
b66af000-b66b0000 r--p 00007000 08:06 269473     /usr/lib/jvm/java-6-openjdk-i386/jre/lib/i386/libzip.so
b66b0000-b66b1000 rw-p 00008000 08:06 269473     /usr/lib/jvm/java-6-openjdk-i386/jre/lib/i386/libzip.so
b66b1000-b66d9000 r-xp 00000000 08:06 269484     /usr/lib/jvm/java-6-openjdk-i386/jre/lib/i386/libjava.so
b66d9000-b66da000 r--p 00027000 08:06 269484     /usr/lib/jvm/java-6-openjdk-i386/jre/lib/i386/libjava.so
b66da000-b66dc000 rw-p 00028000 08:06 269484     /usr/lib/jvm/java-6-openjdk-i386/jre/lib/i386/libjava.so
b66dc000-b66e3000 r-xp 00000000 08:06 1591386    /lib/i386-linux-gnu/librt-2.15.so
b66e3000-b66e4000 r--p 00006000 08:06 1591386    /lib/i386-linux-gnu/librt-2.15.so
b66e4000-b66e5000 rw-p 00007000 08:06 1591386    /lib/i386-linux-gnu/librt-2.15.so
b66e5000-b66e8000 ---p 00000000 00:00 0 
b66e8000-b6736000 rw-p 00000000 00:00 0          [stack:7726]
b6736000-b6752000 r-xp 00000000 08:06 1570646    /lib/i386-linux-gnu/libgcc_s.so.1
b6752000-b6753000 r--p 0001b000 08:06 1570646    /lib/i386-linux-gnu/libgcc_s.so.1
b6753000-b6754000 rw-p 0001c000 08:06 1570646    /lib/i386-linux-gnu/libgcc_s.so.1
b6754000-b677e000 r-xp 00000000 08:06 1591390    /lib/i386-linux-gnu/libm-2.15.so
b677e000-b677f000 r--p 00029000 08:06 1591390    /lib/i386-linux-gnu/libm-2.15.so
b677f000-b6780000 rw-p 0002a000 08:06 1591390    /lib/i386-linux-gnu/libm-2.15.so
b6780000-b6858000 r-xp 00000000 08:06 138469     /usr/lib/i386-linux-gnu/libstdc++.so.6.0.16
b6858000-b6859000 ---p 000d8000 08:06 138469     /usr/lib/i386-linux-gnu/libstdc++.so.6.0.16
b6859000-b685d000 r--p 000d8000 08:06 138469     /usr/lib/i386-linux-gnu/libstdc++.so.6.0.16
b685d000-b685e000 rw-p 000dc000 08:06 138469     /usr/lib/i386-linux-gnu/libstdc++.so.6.0.16
b685e000-b6865000 rw-p 00000000 00:00 0 
b6865000-b714d000 r-xp 00000000 08:06 269459     /usr/lib/jvm/java-6-openjdk-i386/jre/lib/i386/server/libjvm.so
b714d000-b7194000 r--p 008e7000 08:06 269459     /usr/lib/jvm/java-6-openjdk-i386/jre/lib/i386/server/libjvm.so
b7194000-b71a8000 rw-p 0092e000 08:06 269459     /usr/lib/jvm/java-6-openjdk-i386/jre/lib/i386/server/libjvm.so
b71a8000-b75c6000 rw-p 00000000 00:00 0 
b75c6000-b75da000 r-xp 00000000 08:06 1570736    /lib/i386-linux-gnu/libz.so.1.2.3.4
b75da000-b75db000 r--p 00013000 08:06 1570736    /lib/i386-linux-gnu/libz.so.1.2.3.4
b75db000-b75dc000 rw-p 00014000 08:06 1570736    /lib/i386-linux-gnu/libz.so.1.2.3.4
b75dc000-b7780000 r-xp 00000000 08:06 1591395    /lib/i386-linux-gnu/libc-2.15.so
b7780000-b7782000 r--p 001a4000 08:06 1591395    /lib/i386-linux-gnu/libc-2.15.so
b7782000-b7783000 rw-p 001a6000 08:06 1591395    /lib/i386-linux-gnu/libc-2.15.so
b7783000-b7786000 rw-p 00000000 00:00 0 
b7786000-b7789000 r-xp 00000000 08:06 1591394    /lib/i386-linux-gnu/libdl-2.15.so
b7789000-b778a000 r--p 00002000 08:06 1591394    /lib/i386-linux-gnu/libdl-2.15.so
b778a000-b778b000 rw-p 00003000 08:06 1591394    /lib/i386-linux-gnu/libdl-2.15.so
b778b000-b778f000 r-xp 00000000 08:06 269481     /usr/lib/jvm/java-6-openjdk-i386/jre/lib/i386/jli/libjli.so
b778f000-b7790000 r--p 00003000 08:06 269481     /usr/lib/jvm/java-6-openjdk-i386/jre/lib/i386/jli/libjli.so
b7790000-b7791000 rw-p 00004000 08:06 269481     /usr/lib/jvm/java-6-openjdk-i386/jre/lib/i386/jli/libjli.so
b7791000-b7792000 rw-p 00000000 00:00 0 
b7792000-b77a9000 r-xp 00000000 08:06 1591384    /lib/i386-linux-gnu/libpthread-2.15.so
b77a9000-b77aa000 r--p 00016000 08:06 1591384    /lib/i386-linux-gnu/libpthread-2.15.so
b77aa000-b77ab000 rw-p 00017000 08:06 1591384    /lib/i386-linux-gnu/libpthread-2.15.so
b77ab000-b77ad000 rw-p 00000000 00:00 0 
b77ad000-b77ae000 r--p 00858000 08:06 138957     /usr/lib/locale/locale-archive
b77ae000-b77b6000 rw-s 00000000 08:06 1718233    /tmp/hsperfdata_jeremy/7725
b77b6000-b77b7000 rw-p 00000000 00:00 0 
b77b7000-b77b8000 ---p 00000000 00:00 0 
b77b8000-b77c4000 r-xp 00000000 08:06 269477     /usr/lib/jvm/java-6-openjdk-i386/jre/lib/i386/libverify.so
b77c4000-b77c5000 r--p 0000b000 08:06 269477     /usr/lib/jvm/java-6-openjdk-i386/jre/lib/i386/libverify.so
b77c5000-b77c6000 rw-p 0000c000 08:06 269477     /usr/lib/jvm/java-6-openjdk-i386/jre/lib/i386/libverify.so
b77c6000-b77c8000 rw-p 00000000 00:00 0 
b77c8000-b77c9000 r-xp 00000000 00:00 0          [vdso]
b77c9000-b77e9000 r-xp 00000000 08:06 1591385    /lib/i386-linux-gnu/ld-2.15.so
b77e9000-b77ea000 r--p 0001f000 08:06 1591385    /lib/i386-linux-gnu/ld-2.15.so
b77ea000-b77eb000 rw-p 00020000 08:06 1591385    /lib/i386-linux-gnu/ld-2.15.so
bfaad000-bface000 rw-p 00000000 00:00 0          [stack]

VM Arguments:
jvm_args: -Xmx1600m 
java_command: weka.classifiers.bayes.NaiveBayes -t /home/jeremy/taxonomic-classification/create_db/Alveolata__33630/learn/learning_S50.arff -T /home/jeremy/taxonomic-classification/create_db/Alveolata__33630/learn/learning_S50.arff
Launcher Type: SUN_STANDARD

Environment Variables:
PATH=/usr/lib/lightdm/lightdm:/usr/local/sbin:/usr/local/bin:/usr/sbin:/usr/bin:/sbin:/bin:/usr/games
LD_LIBRARY_PATH=/usr/lib/jvm/java-6-openjdk-i386/jre/lib/i386/server:/usr/lib/jvm/java-6-openjdk-i386/jre/lib/i386:/usr/lib/jvm/java-6-openjdk-i386/jre/../lib/i386
SHELL=/bin/bash
DISPLAY=:0

Signal Handlers:
SIGSEGV: [libjvm.so+0x7197e0], sa_mask[0]=0x7ffbfeff, sa_flags=0x10000004
SIGBUS: [libjvm.so+0x7197e0], sa_mask[0]=0x7ffbfeff, sa_flags=0x10000004
SIGFPE: [libjvm.so+0x5bf3a0], sa_mask[0]=0x7ffbfeff, sa_flags=0x10000004
SIGPIPE: [libjvm.so+0x5bf3a0], sa_mask[0]=0x7ffbfeff, sa_flags=0x10000004
SIGXFSZ: [libjvm.so+0x5bf3a0], sa_mask[0]=0x7ffbfeff, sa_flags=0x10000004
SIGILL: [libjvm.so+0x5bf3a0], sa_mask[0]=0x7ffbfeff, sa_flags=0x10000004
SIGUSR1: SIG_DFL, sa_mask[0]=0x00000000, sa_flags=0x00000000
SIGUSR2: [libjvm.so+0x5bf230], sa_mask[0]=0x00000000, sa_flags=0x10000004
SIGHUP: [libjvm.so+0x5bf890], sa_mask[0]=0x7ffbfeff, sa_flags=0x10000004
SIGINT: [libjvm.so+0x5bf890], sa_mask[0]=0x7ffbfeff, sa_flags=0x10000004
SIGTERM: [libjvm.so+0x5bf890], sa_mask[0]=0x7ffbfeff, sa_flags=0x10000004
SIGQUIT: [libjvm.so+0x5bf890], sa_mask[0]=0x7ffbfeff, sa_flags=0x10000004


---------------  S Y S T E M  ---------------

OS:Ubuntu 12.04 (precise)
uname:Linux 3.5.0-45-generic #68~precise1-Ubuntu SMP Wed Dec 4 16:19:28 UTC 2013 i686
libc:glibc 2.15 NPTL 2.15 
rlimit: STACK 8192k, CORE 0k, NPROC 24103, NOFILE 4096, AS infinity
load average:22.09 15.28 7.73

/proc/meminfo:
MemTotal:        3101140 kB
MemFree:          129444 kB
Buffers:            1584 kB
Cached:            69372 kB
SwapCached:        90120 kB
Active:          2048700 kB
Inactive:         784148 kB
Active(anon):    2029300 kB
Inactive(anon):   749760 kB
Active(file):      19400 kB
Inactive(file):    34388 kB
Unevictable:         208 kB
Mlocked:             208 kB
HighTotal:       2230252 kB
HighFree:            660 kB
LowTotal:         870888 kB
LowFree:          128784 kB
SwapTotal:       2955924 kB
SwapFree:              4 kB
Dirty:                68 kB
Writeback:             0 kB
AnonPages:       2676432 kB
Mapped:            54240 kB
Shmem:             16888 kB
Slab:              46988 kB
SReclaimable:      19544 kB
SUnreclaim:        27444 kB
KernelStack:        6512 kB
PageTables:        31840 kB
NFS_Unstable:          0 kB
Bounce:                0 kB
WritebackTmp:          0 kB
CommitLimit:     4506492 kB
Committed_AS:   10802976 kB
VmallocTotal:     122880 kB
VmallocUsed:       55468 kB
VmallocChunk:      32640 kB
HardwareCorrupted:     0 kB
AnonHugePages:         0 kB
HugePages_Total:       0
HugePages_Free:        0
HugePages_Rsvd:        0
HugePages_Surp:        0
Hugepagesize:       2048 kB
DirectMap4k:      663544 kB
DirectMap2M:      249856 kB


CPU:total 8 (4 cores per cpu, 2 threads per core) family 6 model 26 stepping 5, cmov, cx8, fxsr, mmx, sse, sse2, sse3, ssse3, sse4.1, sse4.2, popcnt, ht, tsc, tscinvbit, tscinv

/proc/cpuinfo:
processor	: 0
vendor_id	: GenuineIntel
cpu family	: 6
model		: 26
model name	: Intel(R) Xeon(R) CPU           W3520  @ 2.67GHz
stepping	: 5
microcode	: 0xf
cpu MHz		: 2666.623
cache size	: 8192 KB
physical id	: 0
siblings	: 8
core id		: 0
cpu cores	: 4
apicid		: 0
initial apicid	: 0
fdiv_bug	: no
hlt_bug		: no
f00f_bug	: no
coma_bug	: no
fpu		: yes
fpu_exception	: yes
cpuid level	: 11
wp		: yes
flags		: fpu vme de pse tsc msr pae mce cx8 apic sep mtrr pge mca cmov pat pse36 clflush dts acpi mmx fxsr sse sse2 ss ht tm pbe nx rdtscp lm constant_tsc arch_perfmon pebs bts xtopology nonstop_tsc aperfmperf pni dtes64 monitor ds_cpl vmx est tm2 ssse3 cx16 xtpr pdcm dca sse4_1 sse4_2 popcnt lahf_lm ida dtherm tpr_shadow vnmi flexpriority ept vpid
bogomips	: 5333.24
clflush size	: 64
cache_alignment	: 64
address sizes	: 36 bits physical, 48 bits virtual
power management:

processor	: 1
vendor_id	: GenuineIntel
cpu family	: 6
model		: 26
model name	: Intel(R) Xeon(R) CPU           W3520  @ 2.67GHz
stepping	: 5
microcode	: 0xf
cpu MHz		: 2666.623
cache size	: 8192 KB
physical id	: 0
siblings	: 8
core id		: 1
cpu cores	: 4
apicid		: 2
initial apicid	: 2
fdiv_bug	: no
hlt_bug		: no
f00f_bug	: no
coma_bug	: no
fpu		: yes
fpu_exception	: yes
cpuid level	: 11
wp		: yes
flags		: fpu vme de pse tsc msr pae mce cx8 apic sep mtrr pge mca cmov pat pse36 clflush dts acpi mmx fxsr sse sse2 ss ht tm pbe nx rdtscp lm constant_tsc arch_perfmon pebs bts xtopology nonstop_tsc aperfmperf pni dtes64 monitor ds_cpl vmx est tm2 ssse3 cx16 xtpr pdcm dca sse4_1 sse4_2 popcnt lahf_lm ida dtherm tpr_shadow vnmi flexpriority ept vpid
bogomips	: 5333.24
clflush size	: 64
cache_alignment	: 64
address sizes	: 36 bits physical, 48 bits virtual
power management:

processor	: 2
vendor_id	: GenuineIntel
cpu family	: 6
model		: 26
model name	: Intel(R) Xeon(R) CPU           W3520  @ 2.67GHz
stepping	: 5
microcode	: 0xf
cpu MHz		: 2666.623
cache size	: 8192 KB
physical id	: 0
siblings	: 8
core id		: 2
cpu cores	: 4
apicid		: 4
initial apicid	: 4
fdiv_bug	: no
hlt_bug		: no
f00f_bug	: no
coma_bug	: no
fpu		: yes
fpu_exception	: yes
cpuid level	: 11
wp		: yes
flags		: fpu vme de pse tsc msr pae mce cx8 apic sep mtrr pge mca cmov pat pse36 clflush dts acpi mmx fxsr sse sse2 ss ht tm pbe nx rdtscp lm constant_tsc arch_perfmon pebs bts xtopology nonstop_tsc aperfmperf pni dtes64 monitor ds_cpl vmx est tm2 ssse3 cx16 xtpr pdcm dca sse4_1 sse4_2 popcnt lahf_lm ida dtherm tpr_shadow vnmi flexpriority ept vpid
bogomips	: 5333.24
clflush size	: 64
cache_alignment	: 64
address sizes	: 36 bits physical, 48 bits virtual
power management:

processor	: 3
vendor_id	: GenuineIntel
cpu family	: 6
model		: 26
model name	: Intel(R) Xeon(R) CPU           W3520  @ 2.67GHz
stepping	: 5
microcode	: 0xf
cpu MHz		: 2666.623
cache size	: 8192 KB
physical id	: 0
siblings	: 8
core id		: 3
cpu cores	: 4
apicid		: 6
initial apicid	: 6
fdiv_bug	: no
hlt_bug		: no
f00f_bug	: no
coma_bug	: no
fpu		: yes
fpu_exception	: yes
cpuid level	: 11
wp		: yes
flags		: fpu vme de pse tsc msr pae mce cx8 apic sep mtrr pge mca cmov pat pse36 clflush dts acpi mmx fxsr sse sse2 ss ht tm pbe nx rdtscp lm constant_tsc arch_perfmon pebs bts xtopology nonstop_tsc aperfmperf pni dtes64 monitor ds_cpl vmx est tm2 ssse3 cx16 xtpr pdcm dca sse4_1 sse4_2 popcnt lahf_lm ida dtherm tpr_shadow vnmi flexpriority ept vpid
bogomips	: 5333.24
clflush size	: 64
cache_alignment	: 64
address sizes	: 36 bits physical, 48 bits virtual
power management:

processor	: 4
vendor_id	: GenuineIntel
cpu family	: 6
model		: 26
model name	: Intel(R) Xeon(R) CPU           W3520  @ 2.67GHz
stepping	: 5
microcode	: 0xf
cpu MHz		: 2666.623
cache size	: 8192 KB
physical id	: 0
siblings	: 8
core id		: 0
cpu cores	: 4
apicid		: 1
initial apicid	: 1
fdiv_bug	: no
hlt_bug		: no
f00f_bug	: no
coma_bug	: no
fpu		: yes
fpu_exception	: yes
cpuid level	: 11
wp		: yes
flags		: fpu vme de pse tsc msr pae mce cx8 apic sep mtrr pge mca cmov pat pse36 clflush dts acpi mmx fxsr sse sse2 ss ht tm pbe nx rdtscp lm constant_tsc arch_perfmon pebs bts xtopology nonstop_tsc aperfmperf pni dtes64 monitor ds_cpl vmx est tm2 ssse3 cx16 xtpr pdcm dca sse4_1 sse4_2 popcnt lahf_lm ida dtherm tpr_shadow vnmi flexpriority ept vpid
bogomips	: 5333.24
clflush size	: 64
cache_alignment	: 64
address sizes	: 36 bits physical, 48 bits virtual
power management:

processor	: 5
vendor_id	: GenuineIntel
cpu family	: 6
model		: 26
model name	: Intel(R) Xeon(R) CPU           W3520  @ 2.67GHz
stepping	: 5
microcode	: 0xf
cpu MHz		: 2666.623
cache size	: 8192 KB
physical id	: 0
siblings	: 8
core id		: 1
cpu cores	: 4
apicid		: 3
initial apicid	: 3
fdiv_bug	: no
hlt_bug		: no
f00f_bug	: no
coma_bug	: no
fpu		: yes
fpu_exception	: yes
cpuid level	: 11
wp		: yes
flags		: fpu vme de pse tsc msr pae mce cx8 apic sep mtrr pge mca cmov pat pse36 clflush dts acpi mmx fxsr sse sse2 ss ht tm pbe nx rdtscp lm constant_tsc arch_perfmon pebs bts xtopology nonstop_tsc aperfmperf pni dtes64 monitor ds_cpl vmx est tm2 ssse3 cx16 xtpr pdcm dca sse4_1 sse4_2 popcnt lahf_lm ida dtherm tpr_shadow vnmi flexpriority ept vpid
bogomips	: 5333.24
clflush size	: 64
cache_alignment	: 64
address sizes	: 36 bits physical, 48 bits virtual
power management:

processor	: 6
vendor_id	: GenuineIntel
cpu family	: 6
model		: 26
model name	: Intel(R) Xeon(R) CPU           W3520  @ 2.67GHz
stepping	: 5
microcode	: 0xf
cpu MHz		: 2666.623
cache size	: 8192 KB
physical id	: 0
siblings	: 8
core id		: 2
cpu cores	: 4
apicid		: 5
initial apicid	: 5
fdiv_bug	: no
hlt_bug		: no
f00f_bug	: no
coma_bug	: no
fpu		: yes
fpu_exception	: yes
cpuid level	: 11
wp		: yes
flags		: fpu vme de pse tsc msr pae mce cx8 apic sep mtrr pge mca cmov pat pse36 clflush dts acpi mmx fxsr sse sse2 ss ht tm pbe nx rdtscp lm constant_tsc arch_perfmon pebs bts xtopology nonstop_tsc aperfmperf pni dtes64 monitor ds_cpl vmx est tm2 ssse3 cx16 xtpr pdcm dca sse4_1 sse4_2 popcnt lahf_lm ida dtherm tpr_shadow vnmi flexpriority ept vpid
bogomips	: 5333.24
clflush size	: 64
cache_alignment	: 64
address sizes	: 36 bits physical, 48 bits virtual
power management:

processor	: 7
vendor_id	: GenuineIntel
cpu family	: 6
model		: 26
model name	: Intel(R) Xeon(R) CPU           W3520  @ 2.67GHz
stepping	: 5
microcode	: 0xf
cpu MHz		: 2666.623
cache size	: 8192 KB
physical id	: 0
siblings	: 8
core id		: 3
cpu cores	: 4
apicid		: 7
initial apicid	: 7
fdiv_bug	: no
hlt_bug		: no
f00f_bug	: no
coma_bug	: no
fpu		: yes
fpu_exception	: yes
cpuid level	: 11
wp		: yes
flags		: fpu vme de pse tsc msr pae mce cx8 apic sep mtrr pge mca cmov pat pse36 clflush dts acpi mmx fxsr sse sse2 ss ht tm pbe nx rdtscp lm constant_tsc arch_perfmon pebs bts xtopology nonstop_tsc aperfmperf pni dtes64 monitor ds_cpl vmx est tm2 ssse3 cx16 xtpr pdcm dca sse4_1 sse4_2 popcnt lahf_lm ida dtherm tpr_shadow vnmi flexpriority ept vpid
bogomips	: 5333.24
clflush size	: 64
cache_alignment	: 64
address sizes	: 36 bits physical, 48 bits virtual
power management:



Memory: 4k page, physical 3101140k(129444k free), swap 2955924k(4k free)

vm_info: OpenJDK Server VM (23.25-b01) for linux-x86 JRE (1.6.0_31-b31), built on Apr 18 2014 03:05:32 by "buildd" with gcc 4.6.3

time: Thu Jul  3 16:37:42 2014
elapsed time: 502 seconds

