WARNING: gene 'nad2' avec accession KF651061 non reconnu/considéré
WARNING: gene 'nad4l' avec accession KF651061 non reconnu/considéré
WARNING: gene 'nad5b' avec accession KF651061 non reconnu/considéré
WARNING: gene 'nad4' avec accession KF651061 non reconnu/considéré
WARNING: gene 'nad6' avec accession KF651061 non reconnu/considéré
WARNING: gene 'nad9' avec accession KF651061 non reconnu/considéré
WARNING: gene 'nad1' avec accession KF651061 non reconnu/considéré
WARNING: gene 'nad5a' avec accession KF651061 non reconnu/considéré
WARNING: gene 'orf91' avec accession KF651061 non reconnu/considéré
WARNING: gene 'atp9' avec accession KF651061 non reconnu/considéré
WARNING: gene 'atp6' avec accession KF651061 non reconnu/considéré
WARNING: gene 'nad7' avec accession KF651061 non reconnu/considéré
WARNING: gene 'orf67' avec accession KF651061 non reconnu/considéré
WARNING: gene 'rps12' avec accession KF651061 non reconnu/considéré
WARNING: gene 'rpl16' avec accession KF651061 non reconnu/considéré
WARNING: gene 'rps14' avec accession KF651061 non reconnu/considéré
WARNING: gene 'orf136' avec accession KF651061 non reconnu/considéré
WARNING: gene 'orf59' avec accession KF651061 non reconnu/considéré
WARNING: gene 'nad3' avec accession KF651061 non reconnu/considéré
WARNING: gene 'rpl6' avec accession KF651061 non reconnu/considéré
WARNING: gene 'orf111' avec accession KF651061 non reconnu/considéré
WARNING: gene 'rps11' avec accession KF651061 non reconnu/considéré
WARNING: gene 'rpl2' avec accession KF651061 non reconnu/considéré
WARNING: gene 'rpl14' avec accession KF651061 non reconnu/considéré
WARNING: gene 'rpl32' avec accession KF651061 non reconnu/considéré
WARNING: gene 'orf483' avec accession KF651061 non reconnu/considéré
WARNING: gene 'rps13' avec accession KF651061 non reconnu/considéré
WARNING: gene 'rps19' avec accession KF651061 non reconnu/considéré
WARNING: gene 'orf86' avec accession KF651061 non reconnu/considéré
WARNING: gene 'rps3' avec accession KF651061 non reconnu/considéré
WARNING: gene 'rps10' avec accession KF651061 non reconnu/considéré
WARNING: gene 'orf91' avec accession KF651061 non reconnu/considéré
WARNING: gene 'nad5a' avec accession KF651061 non reconnu/considéré
WARNING: gene 'nad1' avec accession KF651061 non reconnu/considéré
WARNING: gene 'nad9' avec accession KF651061 non reconnu/considéré
WARNING: gene 'nad6' avec accession KF651061 non reconnu/considéré
WARNING: gene 'nad4' avec accession KF651061 non reconnu/considéré
WARNING: gene 'nad5b' avec accession KF651061 non reconnu/considéré
WARNING: gene 'nad4l' avec accession KF651061 non reconnu/considéré
WARNING: gene 'nad2' avec accession KF651061 non reconnu/considéré
WARNING: gene 'cox1; start codon not determined' avec accession JQ240429 non reconnu/considéré
WARNING: gene 'cox1; start codon not determined' avec accession JQ240428 non reconnu/considéré
WARNING: gene 'cox1; start codon not determined' avec accession JQ240427 non reconnu/considéré
WARNING: gene 'cox1; start codon not determined' avec accession JQ240426 non reconnu/considéré
WARNING: gene 'cox1; start codon not determined' avec accession JQ240425 non reconnu/considéré
WARNING: gene 'cox1; start codon not determined' avec accession JQ240424 non reconnu/considéré
WARNING: gene 'cox1; start codon not determined' avec accession JQ240423 non reconnu/considéré
WARNING: gene 'cox1; start codon not determined' avec accession JQ240422 non reconnu/considéré
WARNING: gene 'cox1; start codon not determined' avec accession JQ240421 non reconnu/considéré
WARNING: gene 'cox1; start codon not determined' avec accession JQ240420 non reconnu/considéré
WARNING: gene 'cox1; start codon not determined' avec accession JQ240419 non reconnu/considéré
WARNING: gene 'cox1; start codon not determined' avec accession JQ240418 non reconnu/considéré
WARNING: gene 'cox1; start codon not determined' avec accession JQ240417 non reconnu/considéré
WARNING: gene 'cox1; start codon not determined' avec accession JQ240416 non reconnu/considéré
WARNING: gene 'cox1; start codon not determined' avec accession JQ240415 non reconnu/considéré
WARNING: gene 'cox1; start codon not determined' avec accession JQ240414 non reconnu/considéré
WARNING: gene 'cox1; start codon not determined' avec accession JQ240413 non reconnu/considéré
WARNING: gene 'cox1; start codon not determined' avec accession JQ240412 non reconnu/considéré
WARNING: gene 'cox1; start codon not determined' avec accession JQ240411 non reconnu/considéré
WARNING: gene 'cox1; start codon not determined' avec accession JQ240410 non reconnu/considéré
WARNING: gene 'cox1; start codon not determined' avec accession JQ240409 non reconnu/considéré
WARNING: gene 'cox1; start codon not determined' avec accession JQ240408 non reconnu/considéré
WARNING: gene 'cox1; start codon not determined' avec accession JQ240407 non reconnu/considéré
WARNING: gene 'cox1; start codon not determined' avec accession JQ240406 non reconnu/considéré
WARNING: gene 'cox1; start codon not determined' avec accession JQ240405 non reconnu/considéré
WARNING: gene 'cox1; start codon not determined' avec accession JQ240404 non reconnu/considéré
WARNING: gene 'cox1; start codon not determined' avec accession JQ240403 non reconnu/considéré
WARNING: gene 'cox1; start codon not determined' avec accession JQ240402 non reconnu/considéré
WARNING: gene 'cox1; start codon not determined' avec accession JQ240401 non reconnu/considéré
WARNING: gene 'cox1; start codon not determined' avec accession JQ240400 non reconnu/considéré
WARNING: gene 'cox1; start codon not determined' avec accession JQ240399 non reconnu/considéré
WARNING: gene 'cox1; start codon not determined' avec accession JQ240398 non reconnu/considéré
WARNING: gene 'cox1; start codon not determined' avec accession JQ240397 non reconnu/considéré
WARNING: gene 'cox1; start codon not determined' avec accession JQ240396 non reconnu/considéré
WARNING: gene 'cox1; start codon not determined' avec accession JQ240395 non reconnu/considéré
WARNING: gene 'cox1; start codon not determined' avec accession JQ240394 non reconnu/considéré
WARNING: gene 'cox1; start codon not determined' avec accession JQ240393 non reconnu/considéré
WARNING: gene 'cox1; start codon not determined' avec accession JQ240392 non reconnu/considéré
WARNING: gene 'cox1; start codon not determined' avec accession JQ240391 non reconnu/considéré
WARNING: gene 'cox1; start codon not determined' avec accession JQ240390 non reconnu/considéré
WARNING: gene 'cox1; start codon not determined' avec accession JQ240389 non reconnu/considéré
WARNING: gene 'cox1; start codon not determined' avec accession JQ240388 non reconnu/considéré
WARNING: gene 'cox1; start codon not determined' avec accession JQ240387 non reconnu/considéré
WARNING: gene 'cox1; start codon not determined' avec accession JQ240386 non reconnu/considéré
WARNING: gene 'cox1; start codon not determined' avec accession JQ240385 non reconnu/considéré
WARNING: gene 'cox1; start codon not determined' avec accession JQ240384 non reconnu/considéré
WARNING: gene 'cox1; start codon not determined' avec accession JQ240383 non reconnu/considéré
WARNING: gene 'cox1; start codon not determined' avec accession JQ240382 non reconnu/considéré
WARNING: gene 'cox1; start codon not determined' avec accession JQ240381 non reconnu/considéré
WARNING: gene 'cox1; start codon not determined' avec accession JQ240380 non reconnu/considéré
WARNING: gene 'cox1; start codon not determined' avec accession JQ240379 non reconnu/considéré
WARNING: gene 'cox1; start codon not determined' avec accession JQ240378 non reconnu/considéré
WARNING: gene 'cox1; start codon not determined' avec accession JQ240377 non reconnu/considéré
WARNING: gene 'cox1; start codon not determined' avec accession JQ240376 non reconnu/considéré
WARNING: gene 'cox1; start codon not determined' avec accession JQ240375 non reconnu/considéré
WARNING: gene 'cox1; start codon not determined' avec accession JQ240374 non reconnu/considéré
WARNING: gene 'cox1; start codon not determined' avec accession JQ240373 non reconnu/considéré
WARNING: gene 'cox1; start codon not determined' avec accession JQ240372 non reconnu/considéré
WARNING: gene 'cox1; start codon not determined' avec accession JQ240371 non reconnu/considéré
WARNING: gene 'cox1; start codon not determined' avec accession JQ240370 non reconnu/considéré
WARNING: gene 'cox1; start codon not determined' avec accession JQ240369 non reconnu/considéré
WARNING: gene 'cox1; start codon not determined' avec accession JQ240368 non reconnu/considéré
WARNING: gene 'cox1; start codon not determined' avec accession JQ240367 non reconnu/considéré
WARNING: gene 'cox1; start codon not determined' avec accession JQ240366 non reconnu/considéré
WARNING: gene 'cox1; start codon not determined' avec accession JQ240365 non reconnu/considéré
WARNING: gene 'cox1; start codon not determined' avec accession JQ240364 non reconnu/considéré
WARNING: gene 'cox1; start codon not determined' avec accession JQ240363 non reconnu/considéré
WARNING: gene 'cox1; start codon not determined' avec accession JQ240362 non reconnu/considéré
WARNING: gene 'cox1; start codon not determined' avec accession JQ240361 non reconnu/considéré
WARNING: gene 'cox1; start codon not determined' avec accession JQ240360 non reconnu/considéré
WARNING: gene 'cox1; start codon not determined' avec accession JQ240359 non reconnu/considéré
WARNING: gene 'cox1; start codon not determined' avec accession JQ240358 non reconnu/considéré
WARNING: gene 'cox1; start codon not determined' avec accession JQ240357 non reconnu/considéré
WARNING: gene 'cox1; start codon not determined' avec accession JQ240356 non reconnu/considéré
WARNING: gene 'cox1; start codon not determined' avec accession JQ240355 non reconnu/considéré
WARNING: gene 'cox1; start codon not determined' avec accession JQ240354 non reconnu/considéré
WARNING: gene 'cox1; start codon not determined' avec accession JQ240353 non reconnu/considéré
WARNING: gene 'cox1; start codon not determined' avec accession JQ240352 non reconnu/considéré
WARNING: gene 'cox1; start codon not determined' avec accession JQ240351 non reconnu/considéré
WARNING: gene 'cox1; start codon not determined' avec accession JQ240350 non reconnu/considéré
WARNING: gene 'cox1; start codon not determined' avec accession JQ240349 non reconnu/considéré
WARNING: gene 'cox1; start codon not determined' avec accession JQ240348 non reconnu/considéré
WARNING: gene 'cox1; start codon not determined' avec accession JQ240347 non reconnu/considéré
WARNING: gene 'cox1; start codon not determined' avec accession JQ240346 non reconnu/considéré
WARNING: gene 'cox1; start codon not determined' avec accession JQ240345 non reconnu/considéré
WARNING: gene 'cox1; start codon not determined' avec accession JQ240344 non reconnu/considéré
WARNING: gene 'cox1; start codon not determined' avec accession JQ240343 non reconnu/considéré
WARNING: gene 'cox1; start codon not determined' avec accession JQ240342 non reconnu/considéré
WARNING: gene 'cox1; start codon not determined' avec accession JQ240341 non reconnu/considéré
WARNING: gene 'cox1; start codon not determined' avec accession JQ240340 non reconnu/considéré
WARNING: gene 'cox1; start codon not determined' avec accession JQ240339 non reconnu/considéré
WARNING: gene 'cox1; start codon not determined' avec accession JQ240338 non reconnu/considéré
WARNING: gene 'cox1; start codon not determined' avec accession JQ240337 non reconnu/considéré
WARNING: gene 'cox1; start codon not determined' avec accession JQ240336 non reconnu/considéré
WARNING: gene 'cox1; start codon not determined' avec accession JQ240335 non reconnu/considéré
WARNING: gene 'cox1; start codon not determined' avec accession JQ240334 non reconnu/considéré
WARNING: gene 'cox1; start codon not determined' avec accession JQ240333 non reconnu/considéré
WARNING: gene 'cox1; start codon not determined' avec accession JQ240332 non reconnu/considéré
WARNING: gene 'cox1; start codon not determined' avec accession JQ240331 non reconnu/considéré
WARNING: gene 'ymf66' avec accession NC_015981 non reconnu/considéré
WARNING: gene 'ymf57' avec accession NC_015981 non reconnu/considéré
WARNING: gene 'ymf76' avec accession NC_015981 non reconnu/considéré
WARNING: gene 'ribosomal protein s13' avec accession NC_015981 non reconnu/considéré
WARNING: gene 'ribosomal protein s3' avec accession NC_015981 non reconnu/considéré
WARNING: gene 'ribosomal protein s19' avec accession NC_015981 non reconnu/considéré
WARNING: gene 'ribosomal protein l2' avec accession NC_015981 non reconnu/considéré
WARNING: gene 'hypothetical protein' avec accession NC_015981 non reconnu/considéré
WARNING: gene 'nadh dehydrogenase subunit 10' avec accession NC_015981 non reconnu/considéré
WARNING: gene 'ribosomal protein s12' avec accession NC_015981 non reconnu/considéré
WARNING: gene 'nadh dehydrogenase subunit 2' avec accession NC_015981 non reconnu/considéré
WARNING: gene 'nadh dehydrogenase subunit 7' avec accession NC_015981 non reconnu/considéré
WARNING: gene 'ribosomal protein s14' avec accession NC_015981 non reconnu/considéré
WARNING: gene 'ymf60' avec accession NC_015981 non reconnu/considéré
WARNING: gene 'ymf64' avec accession NC_015981 non reconnu/considéré
WARNING: gene 'ymf75' avec accession NC_015981 non reconnu/considéré
WARNING: gene 'atp synthase f0 subunit 9' avec accession NC_015981 non reconnu/considéré
WARNING: gene 'ymf63' avec accession NC_015981 non reconnu/considéré
WARNING: gene 'ymf65' avec accession NC_015981 non reconnu/considéré
WARNING: gene 'ymf59' avec accession NC_015981 non reconnu/considéré
WARNING: gene 'ribosomal protein l16' avec accession NC_015981 non reconnu/considéré
WARNING: gene 'heme maturase' avec accession NC_015981 non reconnu/considéré
WARNING: gene 'ymf61' avec accession NC_015981 non reconnu/considéré
WARNING: gene 'nadh dehydrogenase subunit 3' avec accession NC_015981 non reconnu/considéré
WARNING: gene 'ymf58' avec accession NC_015981 non reconnu/considéré
WARNING: gene 'nadh dehydrogenase subunit 9' avec accession NC_015981 non reconnu/considéré
WARNING: gene 'ymf77' avec accession NC_015981 non reconnu/considéré
WARNING: gene 'nadh dehydrogenase subunit 1' avec accession NC_015981 non reconnu/considéré
WARNING: gene 'apocytochrome b' avec accession NC_015981 non reconnu/considéré
WARNING: gene 'nadh dehydrogenase subunit 5' avec accession NC_015981 non reconnu/considéré
WARNING: gene 'cytochrome c oxidase subunit 2' avec accession NC_015981 non reconnu/considéré
WARNING: gene 'ymf67' avec accession NC_015981 non reconnu/considéré
WARNING: gene 'ymf68' avec accession NC_015981 non reconnu/considéré
WARNING: gene 'hypothetical protein' avec accession NC_015981 non reconnu/considéré
WARNING: gene 'nadh dehydrogenase subunit 1' avec accession NC_015981 non reconnu/considéré
WARNING: gene 'ymf62' avec accession NC_015981 non reconnu/considéré
WARNING: gene 'ribosomal protein l14' avec accession NC_015981 non reconnu/considéré
WARNING: gene 'ymf70' avec accession NC_015981 non reconnu/considéré
WARNING: gene 'nadh dehydrogenase subunit 4' avec accession NC_015981 non reconnu/considéré
WARNING: gene 'ymf73' avec accession NC_015981 non reconnu/considéré
WARNING: gene 'ymf66' avec accession NC_014262 non reconnu/considéré
WARNING: gene 'ymf57' avec accession NC_014262 non reconnu/considéré
WARNING: gene 'nad4' avec accession NC_014262 non reconnu/considéré
WARNING: gene 'ymf80' avec accession NC_014262 non reconnu/considéré
WARNING: gene 'rpl14' avec accession NC_014262 non reconnu/considéré
WARNING: gene 'nad6' avec accession NC_014262 non reconnu/considéré
WARNING: gene 'nad1_a' avec accession NC_014262 non reconnu/considéré
WARNING: gene 'ymf68' avec accession NC_014262 non reconnu/considéré
WARNING: gene 'ymf67' avec accession NC_014262 non reconnu/considéré
WARNING: gene 'ymf56' avec accession NC_014262 non reconnu/considéré
WARNING: gene 'nad5' avec accession NC_014262 non reconnu/considéré
WARNING: gene 'ymf76' avec accession NC_014262 non reconnu/considéré
WARNING: gene 'rps13' avec accession NC_014262 non reconnu/considéré
WARNING: gene 'rps3' avec accession NC_014262 non reconnu/considéré
WARNING: gene 'rps19' avec accession NC_014262 non reconnu/considéré
WARNING: gene 'rpl2' avec accession NC_014262 non reconnu/considéré
WARNING: gene 'ymf84' avec accession NC_014262 non reconnu/considéré
WARNING: gene 'nad10' avec accession NC_014262 non reconnu/considéré
WARNING: gene 'rps12' avec accession NC_014262 non reconnu/considéré
WARNING: gene 'nad2' avec accession NC_014262 non reconnu/considéré
WARNING: gene 'nad7' avec accession NC_014262 non reconnu/considéré
WARNING: gene 'rps14' avec accession NC_014262 non reconnu/considéré
WARNING: gene 'ymf79' avec accession NC_014262 non reconnu/considéré
WARNING: gene 'rpl6' avec accession NC_014262 non reconnu/considéré
WARNING: gene 'ymf64' avec accession NC_014262 non reconnu/considéré
WARNING: gene 'ymf83' avec accession NC_014262 non reconnu/considéré
WARNING: gene 'atp9' avec accession NC_014262 non reconnu/considéré
WARNING: gene 'ymf63' avec accession NC_014262 non reconnu/considéré
WARNING: gene 'ymf87' avec accession NC_014262 non reconnu/considéré
WARNING: gene 'nad1_b' avec accession NC_014262 non reconnu/considéré
WARNING: gene 'ymf65' avec accession NC_014262 non reconnu/considéré
WARNING: gene 'ymf78' avec accession NC_014262 non reconnu/considéré
WARNING: gene 'ymf59' avec accession NC_014262 non reconnu/considéré
WARNING: gene 'rpl16' avec accession NC_014262 non reconnu/considéré
WARNING: gene 'yejr' avec accession NC_014262 non reconnu/considéré
WARNING: gene 'ymf61' avec accession NC_014262 non reconnu/considéré
WARNING: gene 'nad3' avec accession NC_014262 non reconnu/considéré
WARNING: gene 'nad4l' avec accession NC_014262 non reconnu/considéré
WARNING: gene 'nad9' avec accession NC_014262 non reconnu/considéré
WARNING: gene 'cytochrome c oxidase subunit iii' avec accession NC_009902 non reconnu/considéré
WARNING: gene 'orf221' avec accession NC_001324 non reconnu/considéré
WARNING: gene 'orf189_1' avec accession NC_001324 non reconnu/considéré
WARNING: gene 'orf100' avec accession NC_001324 non reconnu/considéré
WARNING: gene 'nad4' avec accession NC_001324 non reconnu/considéré
WARNING: gene 'orf89' avec accession NC_001324 non reconnu/considéré
WARNING: gene 'rpl14' avec accession NC_001324 non reconnu/considéré
WARNING: gene 'orf265_2' avec accession NC_001324 non reconnu/considéré
WARNING: gene 'nad1_a' avec accession NC_001324 non reconnu/considéré
WARNING: gene 'orf393' avec accession NC_001324 non reconnu/considéré
WARNING: gene 'orf90' avec accession NC_001324 non reconnu/considéré
WARNING: gene 'orf265_1' avec accession NC_001324 non reconnu/considéré
WARNING: gene 'orf78' avec accession NC_001324 non reconnu/considéré
WARNING: gene 'nad5' avec accession NC_001324 non reconnu/considéré
WARNING: gene 'orf105' avec accession NC_001324 non reconnu/considéré
WARNING: gene 'orf312' avec accession NC_001324 non reconnu/considéré
WARNING: gene 'rps13' avec accession NC_001324 non reconnu/considéré
WARNING: gene 'rps3' avec accession NC_001324 non reconnu/considéré
WARNING: gene 'rpl2' avec accession NC_001324 non reconnu/considéré
WARNING: gene 'orf178_2' avec accession NC_001324 non reconnu/considéré
WARNING: gene 'nad10' avec accession NC_001324 non reconnu/considéré
WARNING: gene 'rps12' avec accession NC_001324 non reconnu/considéré
WARNING: gene 'nad2' avec accession NC_001324 non reconnu/considéré
WARNING: gene 'nad7' avec accession NC_001324 non reconnu/considéré
WARNING: gene 'rps14' avec accession NC_001324 non reconnu/considéré
WARNING: gene 'orf70' avec accession NC_001324 non reconnu/considéré
WARNING: gene 'orf178_1' avec accession NC_001324 non reconnu/considéré
WARNING: gene 'orf234' avec accession NC_001324 non reconnu/considéré
WARNING: gene 'orf285' avec accession NC_001324 non reconnu/considéré
WARNING: gene 'orf168' avec accession NC_001324 non reconnu/considéré
WARNING: gene 'atp9' avec accession NC_001324 non reconnu/considéré
WARNING: gene 'orf314' avec accession NC_001324 non reconnu/considéré
WARNING: gene 'nad1_b' avec accession NC_001324 non reconnu/considéré
WARNING: gene 'orf156' avec accession NC_001324 non reconnu/considéré
WARNING: gene 'orf196' avec accession NC_001324 non reconnu/considéré
WARNING: gene 'orf66' avec accession NC_001324 non reconnu/considéré
WARNING: gene 'orf124' avec accession NC_001324 non reconnu/considéré
WARNING: gene 'rpl16' avec accession NC_001324 non reconnu/considéré
WARNING: gene 'orf117' avec accession NC_001324 non reconnu/considéré
WARNING: gene 'yejr' avec accession NC_001324 non reconnu/considéré
WARNING: gene 'orf189_2' avec accession NC_001324 non reconnu/considéré
WARNING: gene 'nad3' avec accession NC_001324 non reconnu/considéré
WARNING: gene 'orf113' avec accession NC_001324 non reconnu/considéré
WARNING: gene 'nad9' avec accession NC_001324 non reconnu/considéré
WARNING: gene 'ymf57' avec accession NC_008339 non reconnu/considéré
WARNING: gene 'ymf66' avec accession NC_008339 non reconnu/considéré
WARNING: gene 'ymf76' avec accession NC_008339 non reconnu/considéré
WARNING: gene 'rps13' avec accession NC_008339 non reconnu/considéré
WARNING: gene 'rps3' avec accession NC_008339 non reconnu/considéré
WARNING: gene 'rps19' avec accession NC_008339 non reconnu/considéré
WARNING: gene 'rpl2' avec accession NC_008339 non reconnu/considéré
WARNING: gene 'ymf74' avec accession NC_008339 non reconnu/considéré
WARNING: gene 'nad10' avec accession NC_008339 non reconnu/considéré
WARNING: gene 'rps12' avec accession NC_008339 non reconnu/considéré
WARNING: gene 'nad2' avec accession NC_008339 non reconnu/considéré
WARNING: gene 'nad7' avec accession NC_008339 non reconnu/considéré
WARNING: gene 'rps14' avec accession NC_008339 non reconnu/considéré
WARNING: gene 'ymf60' avec accession NC_008339 non reconnu/considéré
WARNING: gene 'ymf64' avec accession NC_008339 non reconnu/considéré
WARNING: gene 'ymf75' avec accession NC_008339 non reconnu/considéré
WARNING: gene 'nad1_b' avec accession NC_008339 non reconnu/considéré
WARNING: gene 'atp9' avec accession NC_008339 non reconnu/considéré
WARNING: gene 'ymf63' avec accession NC_008339 non reconnu/considéré
WARNING: gene 'ymf65' avec accession NC_008339 non reconnu/considéré
WARNING: gene 'ymf69' avec accession NC_008339 non reconnu/considéré
WARNING: gene 'ymf59' avec accession NC_008339 non reconnu/considéré
WARNING: gene 'rpl16' avec accession NC_008339 non reconnu/considéré
WARNING: gene 'yejr' avec accession NC_008339 non reconnu/considéré
WARNING: gene 'ymf61' avec accession NC_008339 non reconnu/considéré
WARNING: gene 'nad3' avec accession NC_008339 non reconnu/considéré
WARNING: gene 'ymf72' avec accession NC_008339 non reconnu/considéré
WARNING: gene 'ymf58' avec accession NC_008339 non reconnu/considéré
WARNING: gene 'nad9_2' avec accession NC_008339 non reconnu/considéré
WARNING: gene 'ymf77' avec accession NC_008339 non reconnu/considéré
WARNING: gene 'nad5' avec accession NC_008339 non reconnu/considéré
WARNING: gene 'ymf56' avec accession NC_008339 non reconnu/considéré
WARNING: gene 'ymf67' avec accession NC_008339 non reconnu/considéré
WARNING: gene 'ymf68' avec accession NC_008339 non reconnu/considéré
WARNING: gene 'ymf71' avec accession NC_008339 non reconnu/considéré
WARNING: gene 'nad1_a' avec accession NC_008339 non reconnu/considéré
WARNING: gene 'ymf62' avec accession NC_008339 non reconnu/considéré
WARNING: gene 'rpl14' avec accession NC_008339 non reconnu/considéré
WARNING: gene 'ymf70' avec accession NC_008339 non reconnu/considéré
WARNING: gene 'nad4' avec accession NC_008339 non reconnu/considéré
WARNING: gene 'ymf73' avec accession NC_008339 non reconnu/considéré
WARNING: gene 'ymf57' avec accession NC_008338 non reconnu/considéré
WARNING: gene 'ymf66' avec accession NC_008338 non reconnu/considéré
WARNING: gene 'ymf76' avec accession NC_008338 non reconnu/considéré
WARNING: gene 'rps13' avec accession NC_008338 non reconnu/considéré
WARNING: gene 'rps3' avec accession NC_008338 non reconnu/considéré
WARNING: gene 'rps19' avec accession NC_008338 non reconnu/considéré
WARNING: gene 'rpl2' avec accession NC_008338 non reconnu/considéré
WARNING: gene 'ymf74' avec accession NC_008338 non reconnu/considéré
WARNING: gene 'nad10' avec accession NC_008338 non reconnu/considéré
WARNING: gene 'rps12' avec accession NC_008338 non reconnu/considéré
WARNING: gene 'nad2' avec accession NC_008338 non reconnu/considéré
WARNING: gene 'nad7' avec accession NC_008338 non reconnu/considéré
WARNING: gene 'rps14' avec accession NC_008338 non reconnu/considéré
WARNING: gene 'ymf60' avec accession NC_008338 non reconnu/considéré
WARNING: gene 'ymf64' avec accession NC_008338 non reconnu/considéré
WARNING: gene 'ymf75' avec accession NC_008338 non reconnu/considéré
WARNING: gene 'nad1_b' avec accession NC_008338 non reconnu/considéré
WARNING: gene 'atp9' avec accession NC_008338 non reconnu/considéré
WARNING: gene 'ymf63' avec accession NC_008338 non reconnu/considéré
WARNING: gene 'ymf65' avec accession NC_008338 non reconnu/considéré
WARNING: gene 'ymf69' avec accession NC_008338 non reconnu/considéré
WARNING: gene 'ymf59' avec accession NC_008338 non reconnu/considéré
WARNING: gene 'rpl16' avec accession NC_008338 non reconnu/considéré
WARNING: gene 'yejr' avec accession NC_008338 non reconnu/considéré
WARNING: gene 'ymf61' avec accession NC_008338 non reconnu/considéré
WARNING: gene 'nad3' avec accession NC_008338 non reconnu/considéré
WARNING: gene 'ymf72' avec accession NC_008338 non reconnu/considéré
WARNING: gene 'ymf58' avec accession NC_008338 non reconnu/considéré
WARNING: gene 'nad9_1' avec accession NC_008338 non reconnu/considéré
WARNING: gene 'ymf77' avec accession NC_008338 non reconnu/considéré
WARNING: gene 'nad5' avec accession NC_008338 non reconnu/considéré
WARNING: gene 'ymf56' avec accession NC_008338 non reconnu/considéré
WARNING: gene 'ymf67' avec accession NC_008338 non reconnu/considéré
WARNING: gene 'ymf68' avec accession NC_008338 non reconnu/considéré
WARNING: gene 'ymf71' avec accession NC_008338 non reconnu/considéré
WARNING: gene 'nad1_a' avec accession NC_008338 non reconnu/considéré
WARNING: gene 'ymf62' avec accession NC_008338 non reconnu/considéré
WARNING: gene 'rpl14' avec accession NC_008338 non reconnu/considéré
WARNING: gene 'ymf70' avec accession NC_008338 non reconnu/considéré
WARNING: gene 'nad4' avec accession NC_008338 non reconnu/considéré
WARNING: gene 'ymf73' avec accession NC_008338 non reconnu/considéré
WARNING: gene 'ymf57' avec accession NC_008337 non reconnu/considéré
WARNING: gene 'ymf66' avec accession NC_008337 non reconnu/considéré
WARNING: gene 'ymf76' avec accession NC_008337 non reconnu/considéré
WARNING: gene 'rps13' avec accession NC_008337 non reconnu/considéré
WARNING: gene 'rps3' avec accession NC_008337 non reconnu/considéré
WARNING: gene 'rps19' avec accession NC_008337 non reconnu/considéré
WARNING: gene 'rpl2' avec accession NC_008337 non reconnu/considéré
WARNING: gene 'ymf74' avec accession NC_008337 non reconnu/considéré
WARNING: gene 'nad10' avec accession NC_008337 non reconnu/considéré
WARNING: gene 'rps12' avec accession NC_008337 non reconnu/considéré
WARNING: gene 'nad2' avec accession NC_008337 non reconnu/considéré
WARNING: gene 'nad7' avec accession NC_008337 non reconnu/considéré
WARNING: gene 'rps14' avec accession NC_008337 non reconnu/considéré
WARNING: gene 'ymf60' avec accession NC_008337 non reconnu/considéré
WARNING: gene 'ymf64' avec accession NC_008337 non reconnu/considéré
WARNING: gene 'ymf75' avec accession NC_008337 non reconnu/considéré
WARNING: gene 'nad1_b' avec accession NC_008337 non reconnu/considéré
WARNING: gene 'atp9' avec accession NC_008337 non reconnu/considéré
WARNING: gene 'ymf63' avec accession NC_008337 non reconnu/considéré
WARNING: gene 'ymf65' avec accession NC_008337 non reconnu/considéré
WARNING: gene 'ymf69' avec accession NC_008337 non reconnu/considéré
WARNING: gene 'ymf59' avec accession NC_008337 non reconnu/considéré
WARNING: gene 'rpl16' avec accession NC_008337 non reconnu/considéré
WARNING: gene 'yejr' avec accession NC_008337 non reconnu/considéré
WARNING: gene 'ymf61' avec accession NC_008337 non reconnu/considéré
WARNING: gene 'nad3' avec accession NC_008337 non reconnu/considéré
WARNING: gene 'ymf72' avec accession NC_008337 non reconnu/considéré
WARNING: gene 'ymf58' avec accession NC_008337 non reconnu/considéré
WARNING: gene 'nad9_1' avec accession NC_008337 non reconnu/considéré
WARNING: gene 'nad9_2' avec accession NC_008337 non reconnu/considéré
WARNING: gene 'ymf77' avec accession NC_008337 non reconnu/considéré
WARNING: gene 'nad5' avec accession NC_008337 non reconnu/considéré
WARNING: gene 'ymf56' avec accession NC_008337 non reconnu/considéré
WARNING: gene 'ymf67' avec accession NC_008337 non reconnu/considéré
WARNING: gene 'ymf68' avec accession NC_008337 non reconnu/considéré
WARNING: gene 'ymf71' avec accession NC_008337 non reconnu/considéré
WARNING: gene 'nad1_a' avec accession NC_008337 non reconnu/considéré
WARNING: gene 'ymf62' avec accession NC_008337 non reconnu/considéré
WARNING: gene 'rpl14' avec accession NC_008337 non reconnu/considéré
WARNING: gene 'ymf70' avec accession NC_008337 non reconnu/considéré
WARNING: gene 'nad4' avec accession NC_008337 non reconnu/considéré
WARNING: gene 'ymf73' avec accession NC_008337 non reconnu/considéré
WARNING: gene 'ymf57' avec accession NC_003029 non reconnu/considéré
WARNING: gene 'ymf66' avec accession NC_003029 non reconnu/considéré
WARNING: gene 'ymf76' avec accession NC_003029 non reconnu/considéré
WARNING: gene 'rps13' avec accession NC_003029 non reconnu/considéré
WARNING: gene 'rps3' avec accession NC_003029 non reconnu/considéré
WARNING: gene 'rps19' avec accession NC_003029 non reconnu/considéré
WARNING: gene 'rpl2' avec accession NC_003029 non reconnu/considéré
WARNING: gene 'ymf74' avec accession NC_003029 non reconnu/considéré
WARNING: gene 'nad10' avec accession NC_003029 non reconnu/considéré
WARNING: gene 'rps12' avec accession NC_003029 non reconnu/considéré
WARNING: gene 'nad2' avec accession NC_003029 non reconnu/considéré
WARNING: gene 'nad7' avec accession NC_003029 non reconnu/considéré
WARNING: gene 'rps14' avec accession NC_003029 non reconnu/considéré
WARNING: gene 'ymf60' avec accession NC_003029 non reconnu/considéré
WARNING: gene 'ymf64' avec accession NC_003029 non reconnu/considéré
WARNING: gene 'ymf75' avec accession NC_003029 non reconnu/considéré
WARNING: gene 'nad1_b' avec accession NC_003029 non reconnu/considéré
WARNING: gene 'atp9' avec accession NC_003029 non reconnu/considéré
WARNING: gene 'ymf63' avec accession NC_003029 non reconnu/considéré
WARNING: gene 'ymf65' avec accession NC_003029 non reconnu/considéré
WARNING: gene 'ymf69' avec accession NC_003029 non reconnu/considéré
WARNING: gene 'ymf59' avec accession NC_003029 non reconnu/considéré
WARNING: gene 'rpl16' avec accession NC_003029 non reconnu/considéré
WARNING: gene 'yejr' avec accession NC_003029 non reconnu/considéré
WARNING: gene 'ymf61' avec accession NC_003029 non reconnu/considéré
WARNING: gene 'nad3' avec accession NC_003029 non reconnu/considéré
WARNING: gene 'ymf72' avec accession NC_003029 non reconnu/considéré
WARNING: gene 'ymf58' avec accession NC_003029 non reconnu/considéré
WARNING: gene 'nad9_1' avec accession NC_003029 non reconnu/considéré
WARNING: gene 'nad9_2' avec accession NC_003029 non reconnu/considéré
WARNING: gene 'ymf77' avec accession NC_003029 non reconnu/considéré
WARNING: gene 'nad5' avec accession NC_003029 non reconnu/considéré
WARNING: gene 'ymf56' avec accession NC_003029 non reconnu/considéré
WARNING: gene 'ymf67' avec accession NC_003029 non reconnu/considéré
WARNING: gene 'ymf68' avec accession NC_003029 non reconnu/considéré
WARNING: gene 'ymf71' avec accession NC_003029 non reconnu/considéré
WARNING: gene 'nad1_a' avec accession NC_003029 non reconnu/considéré
WARNING: gene 'ymf62' avec accession NC_003029 non reconnu/considéré
WARNING: gene 'rpl14' avec accession NC_003029 non reconnu/considéré
WARNING: gene 'ymf70' avec accession NC_003029 non reconnu/considéré
WARNING: gene 'nad4' avec accession NC_003029 non reconnu/considéré
WARNING: gene 'ymf73' avec accession NC_003029 non reconnu/considéré
WARNING: gene 'orf100' avec accession NC_000862 non reconnu/considéré
WARNING: gene 'orf448' avec accession NC_000862 non reconnu/considéré
WARNING: gene 'orf421' avec accession NC_000862 non reconnu/considéré
WARNING: gene 'rps13' avec accession NC_000862 non reconnu/considéré
WARNING: gene 'rps3' avec accession NC_000862 non reconnu/considéré
WARNING: gene 'rps19' avec accession NC_000862 non reconnu/considéré
WARNING: gene 'rpl2' avec accession NC_000862 non reconnu/considéré
WARNING: gene 'orf161' avec accession NC_000862 non reconnu/considéré
WARNING: gene 'nad10' avec accession NC_000862 non reconnu/considéré
WARNING: gene 'rps12' avec accession NC_000862 non reconnu/considéré
WARNING: gene 'nad2' avec accession NC_000862 non reconnu/considéré
WARNING: gene 'nad7' avec accession NC_000862 non reconnu/considéré
WARNING: gene 'rps14' avec accession NC_000862 non reconnu/considéré
WARNING: gene 'rp16' avec accession NC_000862 non reconnu/considéré
WARNING: gene 'orf328' avec accession NC_000862 non reconnu/considéré
WARNING: gene 'orf188' avec accession NC_000862 non reconnu/considéré
WARNING: gene 'nad1_b' avec accession NC_000862 non reconnu/considéré
WARNING: gene 'atp9' avec accession NC_000862 non reconnu/considéré
WARNING: gene 'orf276' avec accession NC_000862 non reconnu/considéré
WARNING: gene 'orf365' avec accession NC_000862 non reconnu/considéré
WARNING: gene 'orf74' avec accession NC_000862 non reconnu/considéré
WARNING: gene 'orf152' avec accession NC_000862 non reconnu/considéré
WARNING: gene 'rpl16' avec accession NC_000862 non reconnu/considéré
WARNING: gene 'yejr' avec accession NC_000862 non reconnu/considéré
WARNING: gene 'orf237' avec accession NC_000862 non reconnu/considéré
WARNING: gene 'nad3' avec accession NC_000862 non reconnu/considéré
WARNING: gene 'orf117' avec accession NC_000862 non reconnu/considéré
WARNING: gene 'nad4l' avec accession NC_000862 non reconnu/considéré
WARNING: gene 'nad9' avec accession NC_000862 non reconnu/considéré
WARNING: gene 'orf1386' avec accession NC_000862 non reconnu/considéré
WARNING: gene 'nad5' avec accession NC_000862 non reconnu/considéré
WARNING: gene 'orf97' avec accession NC_000862 non reconnu/considéré
WARNING: gene 'orf443' avec accession NC_000862 non reconnu/considéré
WARNING: gene 'orf593' avec accession NC_000862 non reconnu/considéré
WARNING: gene 'orf98' avec accession NC_000862 non reconnu/considéré
WARNING: gene 'nad1_a' avec accession NC_000862 non reconnu/considéré
WARNING: gene 'nad6' avec accession NC_000862 non reconnu/considéré
WARNING: gene 'rpl14' avec accession NC_000862 non reconnu/considéré
WARNING: gene 'orf89' avec accession NC_000862 non reconnu/considéré
WARNING: gene 'nad4' avec accession NC_000862 non reconnu/considéré
WARNING: gene 'orf160' avec accession NC_000862 non reconnu/considéré
WARNING: gene 'cytochrome c oxidase subunit iii' avec accession EU075182 non reconnu/considéré
WARNING: gene 'ymf66' avec accession JN227086 non reconnu/considéré
WARNING: gene 'ymf57' avec accession JN227086 non reconnu/considéré
WARNING: gene 'ymf76' avec accession JN227086 non reconnu/considéré
WARNING: gene 'ribosomal protein s13' avec accession JN227086 non reconnu/considéré
WARNING: gene 'ribosomal protein s3' avec accession JN227086 non reconnu/considéré
WARNING: gene 'ribosomal protein s19' avec accession JN227086 non reconnu/considéré
WARNING: gene 'ribosomal protein l2' avec accession JN227086 non reconnu/considéré
WARNING: gene 'hypothetical protein' avec accession JN227086 non reconnu/considéré
WARNING: gene 'nadh dehydrogenase subunit 10' avec accession JN227086 non reconnu/considéré
WARNING: gene 'ribosomal protein s12' avec accession JN227086 non reconnu/considéré
WARNING: gene 'nadh dehydrogenase subunit 2' avec accession JN227086 non reconnu/considéré
WARNING: gene 'nadh dehydrogenase subunit 7' avec accession JN227086 non reconnu/considéré
WARNING: gene 'ribosomal protein s14' avec accession JN227086 non reconnu/considéré
WARNING: gene 'ymf60' avec accession JN227086 non reconnu/considéré
WARNING: gene 'ymf64' avec accession JN227086 non reconnu/considéré
WARNING: gene 'ymf75' avec accession JN227086 non reconnu/considéré
WARNING: gene 'atp synthase f0 subunit 9' avec accession JN227086 non reconnu/considéré
WARNING: gene 'ymf63' avec accession JN227086 non reconnu/considéré
WARNING: gene 'ymf65' avec accession JN227086 non reconnu/considéré
WARNING: gene 'ymf59' avec accession JN227086 non reconnu/considéré
WARNING: gene 'ribosomal protein l16' avec accession JN227086 non reconnu/considéré
WARNING: gene 'heme maturase' avec accession JN227086 non reconnu/considéré
WARNING: gene 'ymf61' avec accession JN227086 non reconnu/considéré
WARNING: gene 'nadh dehydrogenase subunit 3' avec accession JN227086 non reconnu/considéré
WARNING: gene 'ymf58' avec accession JN227086 non reconnu/considéré
WARNING: gene 'nadh dehydrogenase subunit 9' avec accession JN227086 non reconnu/considéré
WARNING: gene 'ymf77' avec accession JN227086 non reconnu/considéré
WARNING: gene 'nadh dehydrogenase subunit 1' avec accession JN227086 non reconnu/considéré
WARNING: gene 'apocytochrome b' avec accession JN227086 non reconnu/considéré
WARNING: gene 'nadh dehydrogenase subunit 5' avec accession JN227086 non reconnu/considéré
WARNING: gene 'cytochrome c oxidase subunit 2' avec accession JN227086 non reconnu/considéré
WARNING: gene 'ymf67' avec accession JN227086 non reconnu/considéré
WARNING: gene 'ymf68' avec accession JN227086 non reconnu/considéré
WARNING: gene 'hypothetical protein' avec accession JN227086 non reconnu/considéré
WARNING: gene 'nadh dehydrogenase subunit 1' avec accession JN227086 non reconnu/considéré
WARNING: gene 'ymf62' avec accession JN227086 non reconnu/considéré
WARNING: gene 'ribosomal protein l14' avec accession JN227086 non reconnu/considéré
WARNING: gene 'ymf70' avec accession JN227086 non reconnu/considéré
WARNING: gene 'nadh dehydrogenase subunit 4' avec accession JN227086 non reconnu/considéré
WARNING: gene 'ymf73' avec accession JN227086 non reconnu/considéré
WARNING: gene 'ymf57' avec accession AF396436 non reconnu/considéré
WARNING: gene 'ymf66' avec accession AF396436 non reconnu/considéré
WARNING: gene 'ymf76' avec accession AF396436 non reconnu/considéré
WARNING: gene 'rps13' avec accession AF396436 non reconnu/considéré
WARNING: gene 'rps3' avec accession AF396436 non reconnu/considéré
WARNING: gene 'rps19' avec accession AF396436 non reconnu/considéré
WARNING: gene 'rpl2' avec accession AF396436 non reconnu/considéré
WARNING: gene 'ymf74' avec accession AF396436 non reconnu/considéré
WARNING: gene 'nad10' avec accession AF396436 non reconnu/considéré
WARNING: gene 'rps12' avec accession AF396436 non reconnu/considéré
WARNING: gene 'nad2' avec accession AF396436 non reconnu/considéré
WARNING: gene 'nad7' avec accession AF396436 non reconnu/considéré
WARNING: gene 'rps14' avec accession AF396436 non reconnu/considéré
WARNING: gene 'ymf60' avec accession AF396436 non reconnu/considéré
WARNING: gene 'ymf64' avec accession AF396436 non reconnu/considéré
WARNING: gene 'ymf75' avec accession AF396436 non reconnu/considéré
WARNING: gene 'nad1_b' avec accession AF396436 non reconnu/considéré
WARNING: gene 'atp9' avec accession AF396436 non reconnu/considéré
WARNING: gene 'ymf63' avec accession AF396436 non reconnu/considéré
WARNING: gene 'ymf65' avec accession AF396436 non reconnu/considéré
WARNING: gene 'ymf69' avec accession AF396436 non reconnu/considéré
WARNING: gene 'ymf59' avec accession AF396436 non reconnu/considéré
WARNING: gene 'rpl16' avec accession AF396436 non reconnu/considéré
WARNING: gene 'yejr' avec accession AF396436 non reconnu/considéré
WARNING: gene 'ymf61' avec accession AF396436 non reconnu/considéré
WARNING: gene 'nad3' avec accession AF396436 non reconnu/considéré
WARNING: gene 'ymf72' avec accession AF396436 non reconnu/considéré
WARNING: gene 'ymf58' avec accession AF396436 non reconnu/considéré
WARNING: gene 'nad9_1' avec accession AF396436 non reconnu/considéré
WARNING: gene 'nad9_2' avec accession AF396436 non reconnu/considéré
WARNING: gene 'ymf77' avec accession AF396436 non reconnu/considéré
WARNING: gene 'nad5' avec accession AF396436 non reconnu/considéré
WARNING: gene 'ymf56' avec accession AF396436 non reconnu/considéré
WARNING: gene 'ymf67' avec accession AF396436 non reconnu/considéré
WARNING: gene 'ymf68' avec accession AF396436 non reconnu/considéré
WARNING: gene 'ymf71' avec accession AF396436 non reconnu/considéré
WARNING: gene 'nad1_a' avec accession AF396436 non reconnu/considéré
WARNING: gene 'ymf62' avec accession AF396436 non reconnu/considéré
WARNING: gene 'rpl14' avec accession AF396436 non reconnu/considéré
WARNING: gene 'ymf70' avec accession AF396436 non reconnu/considéré
WARNING: gene 'nad4' avec accession AF396436 non reconnu/considéré
WARNING: gene 'ymf73' avec accession AF396436 non reconnu/considéré
WARNING: gene 'orf100' avec accession AF160864 non reconnu/considéré
WARNING: gene 'orf448' avec accession AF160864 non reconnu/considéré
WARNING: gene 'orf421' avec accession AF160864 non reconnu/considéré
WARNING: gene 'rps13' avec accession AF160864 non reconnu/considéré
WARNING: gene 'rps3' avec accession AF160864 non reconnu/considéré
WARNING: gene 'rps19' avec accession AF160864 non reconnu/considéré
WARNING: gene 'rpl2' avec accession AF160864 non reconnu/considéré
WARNING: gene 'orf161' avec accession AF160864 non reconnu/considéré
WARNING: gene 'nad10' avec accession AF160864 non reconnu/considéré
WARNING: gene 'rps12' avec accession AF160864 non reconnu/considéré
WARNING: gene 'nad2' avec accession AF160864 non reconnu/considéré
WARNING: gene 'nad7' avec accession AF160864 non reconnu/considéré
WARNING: gene 'rps14' avec accession AF160864 non reconnu/considéré
WARNING: gene 'rpl6' avec accession AF160864 non reconnu/considéré
WARNING: gene 'orf328' avec accession AF160864 non reconnu/considéré
WARNING: gene 'orf188' avec accession AF160864 non reconnu/considéré
WARNING: gene 'nad1_b' avec accession AF160864 non reconnu/considéré
WARNING: gene 'atp9' avec accession AF160864 non reconnu/considéré
WARNING: gene 'orf276' avec accession AF160864 non reconnu/considéré
WARNING: gene 'orf365' avec accession AF160864 non reconnu/considéré
WARNING: gene 'orf74' avec accession AF160864 non reconnu/considéré
WARNING: gene 'orf152' avec accession AF160864 non reconnu/considéré
WARNING: gene 'rpl16' avec accession AF160864 non reconnu/considéré
WARNING: gene 'yejr' avec accession AF160864 non reconnu/considéré
WARNING: gene 'orf237' avec accession AF160864 non reconnu/considéré
WARNING: gene 'nad3' avec accession AF160864 non reconnu/considéré
WARNING: gene 'orf117' avec accession AF160864 non reconnu/considéré
WARNING: gene 'nad4l' avec accession AF160864 non reconnu/considéré
WARNING: gene 'nad9' avec accession AF160864 non reconnu/considéré
WARNING: gene 'orf1386' avec accession AF160864 non reconnu/considéré
WARNING: gene 'nad5' avec accession AF160864 non reconnu/considéré
WARNING: gene 'orf97' avec accession AF160864 non reconnu/considéré
WARNING: gene 'orf443' avec accession AF160864 non reconnu/considéré
WARNING: gene 'orf593' avec accession AF160864 non reconnu/considéré
WARNING: gene 'orf98' avec accession AF160864 non reconnu/considéré
WARNING: gene 'nad1_a' avec accession AF160864 non reconnu/considéré
WARNING: gene 'nad6' avec accession AF160864 non reconnu/considéré
WARNING: gene 'rpl14' avec accession AF160864 non reconnu/considéré
WARNING: gene 'orf89' avec accession AF160864 non reconnu/considéré
WARNING: gene 'nad4' avec accession AF160864 non reconnu/considéré
WARNING: gene 'orf160' avec accession AF160864 non reconnu/considéré
WARNING: gene 'ymf57' avec accession DQ927305 non reconnu/considéré
WARNING: gene 'ymf66' avec accession DQ927305 non reconnu/considéré
WARNING: gene 'ymf76' avec accession DQ927305 non reconnu/considéré
WARNING: gene 'rps13' avec accession DQ927305 non reconnu/considéré
WARNING: gene 'rps3' avec accession DQ927305 non reconnu/considéré
WARNING: gene 'rps19' avec accession DQ927305 non reconnu/considéré
WARNING: gene 'rpl2' avec accession DQ927305 non reconnu/considéré
WARNING: gene 'ymf74' avec accession DQ927305 non reconnu/considéré
WARNING: gene 'nad10' avec accession DQ927305 non reconnu/considéré
WARNING: gene 'rps12' avec accession DQ927305 non reconnu/considéré
WARNING: gene 'nad2' avec accession DQ927305 non reconnu/considéré
WARNING: gene 'nad7' avec accession DQ927305 non reconnu/considéré
WARNING: gene 'rps14' avec accession DQ927305 non reconnu/considéré
WARNING: gene 'ymf60' avec accession DQ927305 non reconnu/considéré
WARNING: gene 'ymf64' avec accession DQ927305 non reconnu/considéré
WARNING: gene 'ymf75' avec accession DQ927305 non reconnu/considéré
WARNING: gene 'nad1_b' avec accession DQ927305 non reconnu/considéré
WARNING: gene 'atp9' avec accession DQ927305 non reconnu/considéré
WARNING: gene 'ymf63' avec accession DQ927305 non reconnu/considéré
WARNING: gene 'ymf65' avec accession DQ927305 non reconnu/considéré
WARNING: gene 'ymf69' avec accession DQ927305 non reconnu/considéré
WARNING: gene 'ymf59' avec accession DQ927305 non reconnu/considéré
WARNING: gene 'rpl16' avec accession DQ927305 non reconnu/considéré
WARNING: gene 'yejr' avec accession DQ927305 non reconnu/considéré
WARNING: gene 'ymf61' avec accession DQ927305 non reconnu/considéré
WARNING: gene 'nad3' avec accession DQ927305 non reconnu/considéré
WARNING: gene 'ymf72' avec accession DQ927305 non reconnu/considéré
WARNING: gene 'ymf58' avec accession DQ927305 non reconnu/considéré
WARNING: gene 'nad9_2' avec accession DQ927305 non reconnu/considéré
WARNING: gene 'ymf77' avec accession DQ927305 non reconnu/considéré
WARNING: gene 'nad5' avec accession DQ927305 non reconnu/considéré
WARNING: gene 'ymf56' avec accession DQ927305 non reconnu/considéré
WARNING: gene 'ymf67' avec accession DQ927305 non reconnu/considéré
WARNING: gene 'ymf68' avec accession DQ927305 non reconnu/considéré
WARNING: gene 'ymf71' avec accession DQ927305 non reconnu/considéré
WARNING: gene 'nad1_a' avec accession DQ927305 non reconnu/considéré
WARNING: gene 'ymf62' avec accession DQ927305 non reconnu/considéré
WARNING: gene 'rpl14' avec accession DQ927305 non reconnu/considéré
WARNING: gene 'ymf70' avec accession DQ927305 non reconnu/considéré
WARNING: gene 'nad4' avec accession DQ927305 non reconnu/considéré
WARNING: gene 'ymf73' avec accession DQ927305 non reconnu/considéré
WARNING: gene 'ymf57' avec accession DQ927304 non reconnu/considéré
WARNING: gene 'ymf66' avec accession DQ927304 non reconnu/considéré
WARNING: gene 'ymf76' avec accession DQ927304 non reconnu/considéré
WARNING: gene 'rps13' avec accession DQ927304 non reconnu/considéré
WARNING: gene 'rps3' avec accession DQ927304 non reconnu/considéré
WARNING: gene 'rps19' avec accession DQ927304 non reconnu/considéré
WARNING: gene 'rpl2' avec accession DQ927304 non reconnu/considéré
WARNING: gene 'ymf74' avec accession DQ927304 non reconnu/considéré
WARNING: gene 'nad10' avec accession DQ927304 non reconnu/considéré
WARNING: gene 'rps12' avec accession DQ927304 non reconnu/considéré
WARNING: gene 'nad2' avec accession DQ927304 non reconnu/considéré
WARNING: gene 'nad7' avec accession DQ927304 non reconnu/considéré
WARNING: gene 'rps14' avec accession DQ927304 non reconnu/considéré
WARNING: gene 'ymf60' avec accession DQ927304 non reconnu/considéré
WARNING: gene 'ymf64' avec accession DQ927304 non reconnu/considéré
WARNING: gene 'ymf75' avec accession DQ927304 non reconnu/considéré
WARNING: gene 'nad1_b' avec accession DQ927304 non reconnu/considéré
WARNING: gene 'atp9' avec accession DQ927304 non reconnu/considéré
WARNING: gene 'ymf63' avec accession DQ927304 non reconnu/considéré
WARNING: gene 'ymf65' avec accession DQ927304 non reconnu/considéré
WARNING: gene 'ymf69' avec accession DQ927304 non reconnu/considéré
WARNING: gene 'ymf59' avec accession DQ927304 non reconnu/considéré
WARNING: gene 'rpl16' avec accession DQ927304 non reconnu/considéré
WARNING: gene 'yejr' avec accession DQ927304 non reconnu/considéré
WARNING: gene 'ymf61' avec accession DQ927304 non reconnu/considéré
WARNING: gene 'nad3' avec accession DQ927304 non reconnu/considéré
WARNING: gene 'ymf72' avec accession DQ927304 non reconnu/considéré
WARNING: gene 'ymf58' avec accession DQ927304 non reconnu/considéré
WARNING: gene 'nad9_1' avec accession DQ927304 non reconnu/considéré
WARNING: gene 'ymf77' avec accession DQ927304 non reconnu/considéré
WARNING: gene 'nad5' avec accession DQ927304 non reconnu/considéré
WARNING: gene 'ymf56' avec accession DQ927304 non reconnu/considéré
WARNING: gene 'ymf67' avec accession DQ927304 non reconnu/considéré
WARNING: gene 'ymf68' avec accession DQ927304 non reconnu/considéré
WARNING: gene 'ymf71' avec accession DQ927304 non reconnu/considéré
WARNING: gene 'nad1_a' avec accession DQ927304 non reconnu/considéré
WARNING: gene 'ymf62' avec accession DQ927304 non reconnu/considéré
WARNING: gene 'rpl14' avec accession DQ927304 non reconnu/considéré
WARNING: gene 'ymf70' avec accession DQ927304 non reconnu/considéré
WARNING: gene 'nad4' avec accession DQ927304 non reconnu/considéré
WARNING: gene 'ymf73' avec accession DQ927304 non reconnu/considéré
WARNING: gene 'ymf57' avec accession DQ927303 non reconnu/considéré
WARNING: gene 'ymf66' avec accession DQ927303 non reconnu/considéré
WARNING: gene 'ymf76' avec accession DQ927303 non reconnu/considéré
WARNING: gene 'rps13' avec accession DQ927303 non reconnu/considéré
WARNING: gene 'rps3' avec accession DQ927303 non reconnu/considéré
WARNING: gene 'rps19' avec accession DQ927303 non reconnu/considéré
WARNING: gene 'rpl2' avec accession DQ927303 non reconnu/considéré
WARNING: gene 'ymf74' avec accession DQ927303 non reconnu/considéré
WARNING: gene 'nad10' avec accession DQ927303 non reconnu/considéré
WARNING: gene 'rps12' avec accession DQ927303 non reconnu/considéré
WARNING: gene 'nad2' avec accession DQ927303 non reconnu/considéré
WARNING: gene 'nad7' avec accession DQ927303 non reconnu/considéré
WARNING: gene 'rps14' avec accession DQ927303 non reconnu/considéré
WARNING: gene 'ymf60' avec accession DQ927303 non reconnu/considéré
WARNING: gene 'ymf64' avec accession DQ927303 non reconnu/considéré
WARNING: gene 'ymf75' avec accession DQ927303 non reconnu/considéré
WARNING: gene 'nad1_b' avec accession DQ927303 non reconnu/considéré
WARNING: gene 'atp9' avec accession DQ927303 non reconnu/considéré
WARNING: gene 'ymf63' avec accession DQ927303 non reconnu/considéré
WARNING: gene 'ymf65' avec accession DQ927303 non reconnu/considéré
WARNING: gene 'ymf69' avec accession DQ927303 non reconnu/considéré
WARNING: gene 'ymf59' avec accession DQ927303 non reconnu/considéré
WARNING: gene 'rpl16' avec accession DQ927303 non reconnu/considéré
WARNING: gene 'yejr' avec accession DQ927303 non reconnu/considéré
WARNING: gene 'ymf61' avec accession DQ927303 non reconnu/considéré
WARNING: gene 'nad3' avec accession DQ927303 non reconnu/considéré
WARNING: gene 'ymf72' avec accession DQ927303 non reconnu/considéré
WARNING: gene 'ymf58' avec accession DQ927303 non reconnu/considéré
WARNING: gene 'nad9_1' avec accession DQ927303 non reconnu/considéré
WARNING: gene 'nad9_2' avec accession DQ927303 non reconnu/considéré
WARNING: gene 'ymf77' avec accession DQ927303 non reconnu/considéré
WARNING: gene 'nad5' avec accession DQ927303 non reconnu/considéré
WARNING: gene 'ymf56' avec accession DQ927303 non reconnu/considéré
WARNING: gene 'ymf67' avec accession DQ927303 non reconnu/considéré
WARNING: gene 'ymf68' avec accession DQ927303 non reconnu/considéré
WARNING: gene 'ymf71' avec accession DQ927303 non reconnu/considéré
WARNING: gene 'nad1_a' avec accession DQ927303 non reconnu/considéré
WARNING: gene 'ymf62' avec accession DQ927303 non reconnu/considéré
WARNING: gene 'rpl14' avec accession DQ927303 non reconnu/considéré
WARNING: gene 'ymf70' avec accession DQ927303 non reconnu/considéré
WARNING: gene 'nad4' avec accession DQ927303 non reconnu/considéré
WARNING: gene 'ymf73' avec accession DQ927303 non reconnu/considéré
WARNING: gene 'unnamed protein product; protein p1 (aa 1-209)' avec accession X15917 non reconnu/considéré
WARNING: gene 'unnamed protein product; orf 1 protein (aa 1-113)' avec accession X15917 non reconnu/considéré
WARNING: gene 'unnamed protein product; nd3 protein (aa 1-120)' avec accession X15917 non reconnu/considéré
WARNING: gene 'unnamed protein product; orf3 protein (aa1-196)' avec accession X15917 non reconnu/considéré
WARNING: gene 'unnamed protein product; orf4 protein (aa 1-156)' avec accession X15917 non reconnu/considéré
WARNING: gene 'unnamed protein product;' avec accession X15917 non reconnu/considéré
WARNING: gene 'unnamed protein product; orf5 protein (aa 1-70)' avec accession X15917 non reconnu/considéré
WARNING: gene 'unnamed protein product; ribosomal protein s14 (aa' avec accession X15917 non reconnu/considéré
WARNING: gene 'unnamed protein product; orf400 protein (aa 1-400)' avec accession X15917 non reconnu/considéré
WARNING: gene 'unnamed protein product; nd2 protein (aa 1-193)' avec accession X15917 non reconnu/considéré
WARNING: gene 'unnamed protein product; ribosomal protein s12 (aa' avec accession X15917 non reconnu/considéré
WARNING: gene 'unnamed protein product; psbg protein (aa 1-156)' avec accession X15917 non reconnu/considéré
WARNING: gene 'unnamed protein product; orf6 protein (aa 1-178)' avec accession X15917 non reconnu/considéré
WARNING: gene 'unnamed protein product; ribosomal protein l2 (aa' avec accession X15917 non reconnu/considéré
WARNING: gene 'unnamed protein product; orf7 protein (aa 1-125)' avec accession X15917 non reconnu/considéré
WARNING: gene 'unnamed protein product; orf8 protein (aa 1-241)' avec accession X15917 non reconnu/considéré
WARNING: gene 'unnamed protein product; orf9 protein (aa 1-204)' avec accession X15917 non reconnu/considéré
WARNING: gene 'unnamed protein product; orf10 protein (aa 1-105)' avec accession X15917 non reconnu/considéré
WARNING: gene 'unnamed protein product; apocytochrome b (aa' avec accession X15917 non reconnu/considéré
WARNING: gene 'unnamed protein product; nd5 protein (aa 1-570)' avec accession X15917 non reconnu/considéré
WARNING: gene 'unnamed protein product; orf 11 protein (aa 1-367);' avec accession X15917 non reconnu/considéré
WARNING: gene 'unnamed protein product; cytochrome c oxidase' avec accession X15917 non reconnu/considéré
WARNING: gene 'unnamed protein product; orf12 protein (aa 1-265)' avec accession X15917 non reconnu/considéré
WARNING: gene 'unnamed protein product; orf13 protein (aa 1-169)' avec accession X15917 non reconnu/considéré
WARNING: gene 'unnamed protein product; orf14 protein (aa 1-387)' avec accession X15917 non reconnu/considéré
WARNING: gene 'unnamed protein product; orf15 protein (aa 1-85);' avec accession X15917 non reconnu/considéré
WARNING: gene 'unnamed protein product; cytochrome c oxidase' avec accession X15917 non reconnu/considéré
WARNING: gene 'unnamed protein product; nd1 protein (aa 1-261)' avec accession X15917 non reconnu/considéré
WARNING: gene 'unnamed protein product; ribosomal protein l14 (aa' avec accession X15917 non reconnu/considéré
WARNING: gene 'unnamed protein product; nd4 protein (aa 1-474)' avec accession X15917 non reconnu/considéré
WARNING: gene 'unnamed protein product; orf16 peptide (aa 1-189)' avec accession X15917 non reconnu/considéré
WARNING: gene 'unnamed protein product; orf17 peptide (aa 1-221)' avec accession X15917 non reconnu/considéré
